{"/Users/byronwade/Stratos/apps/web/src/lib/analytics/action-tracker.ts": {"path":"/Users/byronwade/Stratos/apps/web/src/lib/analytics/action-tracker.ts","statementMap":{"0":{"start":{"line":124,"column":1},"end":{"line":143,"column":null}},"1":{"start":{"line":125,"column":19},"end":{"line":125,"column":null}},"2":{"start":{"line":126,"column":2},"end":{"line":126,"column":null}},"3":{"start":{"line":126,"column":17},"end":{"line":126,"column":null}},"4":{"start":{"line":130,"column":6},"end":{"line":130,"column":null}},"5":{"start":{"line":132,"column":2},"end":{"line":132,"column":null}},"6":{"start":{"line":132,"column":13},"end":{"line":132,"column":null}},"7":{"start":{"line":136,"column":4},"end":{"line":138,"column":null}},"8":{"start":{"line":140,"column":2},"end":{"line":140,"column":null}},"9":{"start":{"line":142,"column":2},"end":{"line":142,"column":null}},"10":{"start":{"line":151,"column":1},"end":{"line":158,"column":null}},"11":{"start":{"line":153,"column":22},"end":{"line":153,"column":null}},"12":{"start":{"line":154,"column":22},"end":{"line":154,"column":null}},"13":{"start":{"line":155,"column":2},"end":{"line":155,"column":null}},"14":{"start":{"line":157,"column":2},"end":{"line":157,"column":null}},"15":{"start":{"line":165,"column":1},"end":{"line":190,"column":null}},"16":{"start":{"line":166,"column":19},"end":{"line":166,"column":null}},"17":{"start":{"line":167,"column":2},"end":{"line":167,"column":null}},"18":{"start":{"line":167,"column":17},"end":{"line":167,"column":null}},"19":{"start":{"line":169,"column":20},"end":{"line":182,"column":null}},"20":{"start":{"line":184,"column":2},"end":{"line":186,"column":null}},"21":{"start":{"line":185,"column":3},"end":{"line":185,"column":null}},"22":{"start":{"line":189,"column":2},"end":{"line":189,"column":null}},"23":{"start":{"line":206,"column":19},"end":{"line":206,"column":null}},"24":{"start":{"line":209,"column":25},"end":{"line":209,"column":null}},"25":{"start":{"line":210,"column":17},"end":{"line":210,"column":null}},"26":{"start":{"line":213,"column":21},"end":{"line":213,"column":null}},"27":{"start":{"line":215,"column":1},"end":{"line":276,"column":null}},"28":{"start":{"line":222,"column":3},"end":{"line":222,"column":null}},"29":{"start":{"line":222,"column":29},"end":{"line":222,"column":null}},"30":{"start":{"line":224,"column":22},"end":{"line":224,"column":null}},"31":{"start":{"line":227,"column":3},"end":{"line":242,"column":null}},"32":{"start":{"line":249,"column":3},"end":{"line":249,"column":null}},"33":{"start":{"line":249,"column":29},"end":{"line":249,"column":null}},"34":{"start":{"line":251,"column":22},"end":{"line":251,"column":null}},"35":{"start":{"line":254,"column":4},"end":{"line":254,"column":null}},"36":{"start":{"line":255,"column":22},"end":{"line":255,"column":null}},"37":{"start":{"line":256,"column":21},"end":{"line":256,"column":null}},"38":{"start":{"line":259,"column":3},"end":{"line":274,"column":null}},"39":{"start":{"line":310,"column":20},"end":{"line":310,"column":null}},"40":{"start":{"line":312,"column":1},"end":{"line":334,"column":null}},"41":{"start":{"line":313,"column":18},"end":{"line":313,"column":null}},"42":{"start":{"line":315,"column":2},"end":{"line":333,"column":null}},"43":{"start":{"line":316,"column":18},"end":{"line":316,"column":null}},"44":{"start":{"line":318,"column":3},"end":{"line":322,"column":null}},"45":{"start":{"line":319,"column":4},"end":{"line":319,"column":null}},"46":{"start":{"line":321,"column":4},"end":{"line":321,"column":null}},"47":{"start":{"line":324,"column":3},"end":{"line":324,"column":null}},"48":{"start":{"line":326,"column":3},"end":{"line":326,"column":null}},"49":{"start":{"line":327,"column":3},"end":{"line":327,"column":null}},"50":{"start":{"line":329,"column":3},"end":{"line":332,"column":null}},"51":{"start":{"line":350,"column":1},"end":{"line":355,"column":null}},"52":{"start":{"line":354,"column":2},"end":{"line":354,"column":null}},"53":{"start":{"line":359,"column":32},"end":{"line":359,"column":null}},"54":{"start":{"line":360,"column":36},"end":{"line":360,"column":null}},"55":{"start":{"line":361,"column":37},"end":{"line":361,"column":null}},"56":{"start":{"line":362,"column":36},"end":{"line":362,"column":null}},"57":{"start":{"line":363,"column":37},"end":{"line":363,"column":null}},"58":{"start":{"line":364,"column":38},"end":{"line":364,"column":null}},"59":{"start":{"line":365,"column":37},"end":{"line":365,"column":null}},"60":{"start":{"line":366,"column":37},"end":{"line":366,"column":null}},"61":{"start":{"line":367,"column":32},"end":{"line":367,"column":null}},"62":{"start":{"line":369,"column":1},"end":{"line":369,"column":null}},"63":{"start":{"line":370,"column":36},"end":{"line":370,"column":null}},"64":{"start":{"line":371,"column":32},"end":{"line":371,"column":null}},"65":{"start":{"line":372,"column":30},"end":{"line":372,"column":null}},"66":{"start":{"line":395,"column":1},"end":{"line":413,"column":null}},"67":{"start":{"line":396,"column":19},"end":{"line":396,"column":null}},"68":{"start":{"line":397,"column":2},"end":{"line":397,"column":null}},"69":{"start":{"line":397,"column":17},"end":{"line":397,"column":null}},"70":{"start":{"line":399,"column":26},"end":{"line":402,"column":null}},"71":{"start":{"line":404,"column":2},"end":{"line":407,"column":null}},"72":{"start":{"line":405,"column":3},"end":{"line":405,"column":null}},"73":{"start":{"line":406,"column":3},"end":{"line":406,"column":null}},"74":{"start":{"line":409,"column":2},"end":{"line":409,"column":null}},"75":{"start":{"line":411,"column":2},"end":{"line":411,"column":null}},"76":{"start":{"line":412,"column":2},"end":{"line":412,"column":null}},"77":{"start":{"line":423,"column":1},"end":{"line":461,"column":null}},"78":{"start":{"line":424,"column":19},"end":{"line":424,"column":null}},"79":{"start":{"line":425,"column":2},"end":{"line":425,"column":null}},"80":{"start":{"line":425,"column":17},"end":{"line":425,"column":null}},"81":{"start":{"line":427,"column":26},"end":{"line":432,"column":null}},"82":{"start":{"line":434,"column":2},"end":{"line":440,"column":null}},"83":{"start":{"line":435,"column":3},"end":{"line":438,"column":null}},"84":{"start":{"line":439,"column":3},"end":{"line":439,"column":null}},"85":{"start":{"line":442,"column":2},"end":{"line":457,"column":null}},"86":{"start":{"line":442,"column":36},"end":{"line":457,"column":4}},"87":{"start":{"line":459,"column":2},"end":{"line":459,"column":null}},"88":{"start":{"line":460,"column":2},"end":{"line":460,"column":null}},"89":{"start":{"line":472,"column":1},"end":{"line":514,"column":null}},"90":{"start":{"line":473,"column":19},"end":{"line":473,"column":null}},"91":{"start":{"line":474,"column":2},"end":{"line":474,"column":null}},"92":{"start":{"line":474,"column":17},"end":{"line":474,"column":null}},"93":{"start":{"line":476,"column":17},"end":{"line":476,"column":null}},"94":{"start":{"line":478,"column":26},"end":{"line":485,"column":null}},"95":{"start":{"line":487,"column":2},"end":{"line":493,"column":null}},"96":{"start":{"line":488,"column":3},"end":{"line":491,"column":null}},"97":{"start":{"line":492,"column":3},"end":{"line":492,"column":null}},"98":{"start":{"line":495,"column":2},"end":{"line":510,"column":null}},"99":{"start":{"line":495,"column":36},"end":{"line":510,"column":4}},"100":{"start":{"line":512,"column":2},"end":{"line":512,"column":null}},"101":{"start":{"line":513,"column":2},"end":{"line":513,"column":null}},"102":{"start":{"line":525,"column":1},"end":{"line":564,"column":null}},"103":{"start":{"line":526,"column":19},"end":{"line":526,"column":null}},"104":{"start":{"line":527,"column":2},"end":{"line":527,"column":null}},"105":{"start":{"line":527,"column":17},"end":{"line":527,"column":null}},"106":{"start":{"line":529,"column":26},"end":{"line":535,"column":null}},"107":{"start":{"line":537,"column":2},"end":{"line":543,"column":null}},"108":{"start":{"line":538,"column":3},"end":{"line":541,"column":null}},"109":{"start":{"line":542,"column":3},"end":{"line":542,"column":null}},"110":{"start":{"line":545,"column":2},"end":{"line":560,"column":null}},"111":{"start":{"line":545,"column":36},"end":{"line":560,"column":4}},"112":{"start":{"line":562,"column":2},"end":{"line":562,"column":null}},"113":{"start":{"line":563,"column":2},"end":{"line":563,"column":null}},"114":{"start":{"line":582,"column":1},"end":{"line":635,"column":null}},"115":{"start":{"line":583,"column":19},"end":{"line":583,"column":null}},"116":{"start":{"line":584,"column":2},"end":{"line":584,"column":null}},"117":{"start":{"line":584,"column":17},"end":{"line":584,"column":null}},"118":{"start":{"line":586,"column":17},"end":{"line":588,"column":null}},"119":{"start":{"line":590,"column":26},"end":{"line":594,"column":null}},"120":{"start":{"line":596,"column":2},"end":{"line":602,"column":null}},"121":{"start":{"line":597,"column":3},"end":{"line":600,"column":null}},"122":{"start":{"line":601,"column":3},"end":{"line":601,"column":null}},"123":{"start":{"line":605,"column":18},"end":{"line":608,"column":null}},"124":{"start":{"line":610,"column":2},"end":{"line":626,"column":null}},"125":{"start":{"line":611,"column":16},"end":{"line":611,"column":null}},"126":{"start":{"line":612,"column":15},"end":{"line":612,"column":null}},"127":{"start":{"line":614,"column":20},"end":{"line":618,"column":null}},"128":{"start":{"line":619,"column":3},"end":{"line":619,"column":null}},"129":{"start":{"line":620,"column":3},"end":{"line":624,"column":null}},"130":{"start":{"line":621,"column":4},"end":{"line":621,"column":null}},"131":{"start":{"line":623,"column":4},"end":{"line":623,"column":null}},"132":{"start":{"line":625,"column":3},"end":{"line":625,"column":null}},"133":{"start":{"line":628,"column":2},"end":{"line":631,"column":null}},"134":{"start":{"line":629,"column":28},"end":{"line":629,"column":null}},"135":{"start":{"line":630,"column":3},"end":{"line":630,"column":null}},"136":{"start":{"line":633,"column":2},"end":{"line":633,"column":null}},"137":{"start":{"line":634,"column":2},"end":{"line":634,"column":null}}},"fnMap":{"0":{"name":"extractUserContext","decl":{"start":{"line":120,"column":15},"end":{"line":120,"column":null}},"loc":{"start":{"line":123,"column":3},"end":{"line":144,"column":null}},"line":123},"1":{"name":"getTraceIdFromHeaders","decl":{"start":{"line":150,"column":15},"end":{"line":150,"column":63}},"loc":{"start":{"line":150,"column":63},"end":{"line":159,"column":null}},"line":150},"2":{"name":"logActionToDatabase","decl":{"start":{"line":164,"column":15},"end":{"line":164,"column":35}},"loc":{"start":{"line":164,"column":77},"end":{"line":191,"column":null}},"line":164},"3":{"name":"startActionExecution","decl":{"start":{"line":201,"column":22},"end":{"line":201,"column":null}},"loc":{"start":{"line":205,"column":2},"end":{"line":277,"column":null}},"line":205},"4":{"name":"(anonymous_4)","decl":{"start":{"line":221,"column":11},"end":{"line":221,"column":18}},"loc":{"start":{"line":221,"column":70},"end":{"line":243,"column":null}},"line":221},"5":{"name":"(anonymous_5)","decl":{"start":{"line":242,"column":12},"end":{"line":242,"column":18}},"loc":{"start":{"line":242,"column":18},"end":{"line":242,"column":20}},"line":242},"6":{"name":"(anonymous_6)","decl":{"start":{"line":248,"column":9},"end":{"line":248,"column":16}},"loc":{"start":{"line":248,"column":50},"end":{"line":275,"column":null}},"line":248},"7":{"name":"(anonymous_7)","decl":{"start":{"line":274,"column":12},"end":{"line":274,"column":18}},"loc":{"start":{"line":274,"column":18},"end":{"line":274,"column":20}},"line":274},"8":{"name":"withActionTracking","decl":{"start":{"line":304,"column":16},"end":{"line":304,"column":null}},"loc":{"start":{"line":308,"column":33},"end":{"line":335,"column":null}},"line":308},"9":{"name":"(anonymous_9)","decl":{"start":{"line":312,"column":8},"end":{"line":312,"column":15}},"loc":{"start":{"line":312,"column":65},"end":{"line":334,"column":null}},"line":312},"10":{"name":"createCategoryTracker","decl":{"start":{"line":349,"column":16},"end":{"line":349,"column":38}},"loc":{"start":{"line":349,"column":64},"end":{"line":356,"column":null}},"line":349},"11":{"name":"(anonymous_11)","decl":{"start":{"line":350,"column":8},"end":{"line":350,"column":null}},"loc":{"start":{"line":353,"column":37},"end":{"line":355,"column":null}},"line":353},"12":{"name":"getActionStats","decl":{"start":{"line":381,"column":22},"end":{"line":381,"column":null}},"loc":{"start":{"line":394,"column":2},"end":{"line":414,"column":null}},"line":394},"13":{"name":"getRecentActions","decl":{"start":{"line":419,"column":22},"end":{"line":419,"column":null}},"loc":{"start":{"line":422,"column":33},"end":{"line":462,"column":null}},"line":422},"14":{"name":"(anonymous_14)","decl":{"start":{"line":442,"column":26},"end":{"line":442,"column":27}},"loc":{"start":{"line":442,"column":36},"end":{"line":457,"column":4}},"line":442},"15":{"name":"getFailedActions","decl":{"start":{"line":467,"column":22},"end":{"line":467,"column":null}},"loc":{"start":{"line":471,"column":33},"end":{"line":515,"column":null}},"line":471},"16":{"name":"(anonymous_16)","decl":{"start":{"line":495,"column":26},"end":{"line":495,"column":27}},"loc":{"start":{"line":495,"column":36},"end":{"line":510,"column":4}},"line":495},"17":{"name":"getSlowActions","decl":{"start":{"line":520,"column":22},"end":{"line":520,"column":null}},"loc":{"start":{"line":524,"column":33},"end":{"line":565,"column":null}},"line":524},"18":{"name":"(anonymous_18)","decl":{"start":{"line":545,"column":26},"end":{"line":545,"column":27}},"loc":{"start":{"line":545,"column":36},"end":{"line":560,"column":4}},"line":545},"19":{"name":"getActionVolumeByCategory","decl":{"start":{"line":570,"column":22},"end":{"line":570,"column":null}},"loc":{"start":{"line":581,"column":2},"end":{"line":636,"column":null}},"line":581},"20":{"name":"(anonymous_20)","decl":{"start":{"line":628,"column":43},"end":{"line":628,"column":44}},"loc":{"start":{"line":628,"column":61},"end":{"line":631,"column":3}},"line":628}},"branchMap":{"0":{"loc":{"start":{"line":126,"column":2},"end":{"line":126,"column":null}},"type":"if","locations":[{"start":{"line":126,"column":2},"end":{"line":126,"column":null}},{"start":{},"end":{}}],"line":126},"1":{"loc":{"start":{"line":132,"column":2},"end":{"line":132,"column":null}},"type":"if","locations":[{"start":{"line":132,"column":2},"end":{"line":132,"column":null}},{"start":{},"end":{}}],"line":132},"2":{"loc":{"start":{"line":136,"column":4},"end":{"line":138,"column":null}},"type":"binary-expr","locations":[{"start":{"line":136,"column":4},"end":{"line":136,"column":null}},{"start":{"line":137,"column":4},"end":{"line":137,"column":null}},{"start":{"line":138,"column":3},"end":{"line":138,"column":null}}],"line":136},"3":{"loc":{"start":{"line":167,"column":2},"end":{"line":167,"column":null}},"type":"if","locations":[{"start":{"line":167,"column":2},"end":{"line":167,"column":null}},{"start":{},"end":{}}],"line":167},"4":{"loc":{"start":{"line":184,"column":2},"end":{"line":186,"column":null}},"type":"if","locations":[{"start":{"line":184,"column":2},"end":{"line":186,"column":null}},{"start":{},"end":{}}],"line":184},"5":{"loc":{"start":{"line":204,"column":1},"end":{"line":204,"column":null}},"type":"default-arg","locations":[{"start":{"line":204,"column":34},"end":{"line":204,"column":null}}],"line":204},"6":{"loc":{"start":{"line":210,"column":17},"end":{"line":210,"column":null}},"type":"binary-expr","locations":[{"start":{"line":210,"column":17},"end":{"line":210,"column":36}},{"start":{"line":210,"column":36},"end":{"line":210,"column":55}},{"start":{"line":210,"column":36},"end":{"line":210,"column":null}}],"line":210},"7":{"loc":{"start":{"line":222,"column":3},"end":{"line":222,"column":null}},"type":"if","locations":[{"start":{"line":222,"column":3},"end":{"line":222,"column":null}},{"start":{},"end":{}}],"line":222},"8":{"loc":{"start":{"line":235,"column":21},"end":{"line":235,"column":null}},"type":"binary-expr","locations":[{"start":{"line":235,"column":21},"end":{"line":235,"column":43}},{"start":{"line":235,"column":43},"end":{"line":235,"column":null}}],"line":235},"9":{"loc":{"start":{"line":236,"column":19},"end":{"line":236,"column":null}},"type":"binary-expr","locations":[{"start":{"line":236,"column":19},"end":{"line":236,"column":39}},{"start":{"line":236,"column":39},"end":{"line":236,"column":null}}],"line":236},"10":{"loc":{"start":{"line":237,"column":26},"end":{"line":237,"column":null}},"type":"binary-expr","locations":[{"start":{"line":237,"column":26},"end":{"line":237,"column":53}},{"start":{"line":237,"column":53},"end":{"line":237,"column":null}}],"line":237},"11":{"loc":{"start":{"line":249,"column":3},"end":{"line":249,"column":null}},"type":"if","locations":[{"start":{"line":249,"column":3},"end":{"line":249,"column":null}},{"start":{},"end":{}}],"line":249},"12":{"loc":{"start":{"line":254,"column":4},"end":{"line":254,"column":null}},"type":"cond-expr","locations":[{"start":{"line":254,"column":29},"end":{"line":254,"column":45}},{"start":{"line":254,"column":45},"end":{"line":254,"column":null}}],"line":254},"13":{"loc":{"start":{"line":255,"column":22},"end":{"line":255,"column":null}},"type":"cond-expr","locations":[{"start":{"line":255,"column":47},"end":{"line":255,"column":61}},{"start":{"line":255,"column":61},"end":{"line":255,"column":null}}],"line":255},"14":{"loc":{"start":{"line":256,"column":21},"end":{"line":256,"column":null}},"type":"cond-expr","locations":[{"start":{"line":256,"column":46},"end":{"line":256,"column":59}},{"start":{"line":256,"column":59},"end":{"line":256,"column":null}}],"line":256},"15":{"loc":{"start":{"line":267,"column":21},"end":{"line":267,"column":null}},"type":"binary-expr","locations":[{"start":{"line":267,"column":21},"end":{"line":267,"column":43}},{"start":{"line":267,"column":43},"end":{"line":267,"column":null}}],"line":267},"16":{"loc":{"start":{"line":268,"column":19},"end":{"line":268,"column":null}},"type":"binary-expr","locations":[{"start":{"line":268,"column":19},"end":{"line":268,"column":39}},{"start":{"line":268,"column":39},"end":{"line":268,"column":null}}],"line":268},"17":{"loc":{"start":{"line":272,"column":16},"end":{"line":272,"column":null}},"type":"binary-expr","locations":[{"start":{"line":272,"column":16},"end":{"line":272,"column":30}},{"start":{"line":272,"column":30},"end":{"line":272,"column":null}}],"line":272},"18":{"loc":{"start":{"line":307,"column":1},"end":{"line":307,"column":null}},"type":"default-arg","locations":[{"start":{"line":307,"column":52},"end":{"line":307,"column":null}}],"line":307},"19":{"loc":{"start":{"line":310,"column":20},"end":{"line":310,"column":null}},"type":"binary-expr","locations":[{"start":{"line":310,"column":20},"end":{"line":310,"column":35}},{"start":{"line":310,"column":35},"end":{"line":310,"column":null}}],"line":310},"20":{"loc":{"start":{"line":318,"column":3},"end":{"line":322,"column":null}},"type":"if","locations":[{"start":{"line":318,"column":3},"end":{"line":322,"column":null}},{"start":{"line":320,"column":10},"end":{"line":322,"column":null}}],"line":318},"21":{"loc":{"start":{"line":321,"column":34},"end":{"line":321,"column":65}},"type":"binary-expr","locations":[{"start":{"line":321,"column":34},"end":{"line":321,"column":50}},{"start":{"line":321,"column":50},"end":{"line":321,"column":65}}],"line":321},"22":{"loc":{"start":{"line":331,"column":11},"end":{"line":331,"column":null}},"type":"cond-expr","locations":[{"start":{"line":331,"column":36},"end":{"line":331,"column":52}},{"start":{"line":331,"column":52},"end":{"line":331,"column":null}}],"line":331},"23":{"loc":{"start":{"line":383,"column":1},"end":{"line":383,"column":null}},"type":"default-arg","locations":[{"start":{"line":383,"column":17},"end":{"line":383,"column":null}}],"line":383},"24":{"loc":{"start":{"line":397,"column":2},"end":{"line":397,"column":null}},"type":"if","locations":[{"start":{"line":397,"column":2},"end":{"line":397,"column":null}},{"start":{},"end":{}}],"line":397},"25":{"loc":{"start":{"line":404,"column":2},"end":{"line":407,"column":null}},"type":"if","locations":[{"start":{"line":404,"column":2},"end":{"line":407,"column":null}},{"start":{},"end":{}}],"line":404},"26":{"loc":{"start":{"line":409,"column":9},"end":{"line":409,"column":null}},"type":"binary-expr","locations":[{"start":{"line":409,"column":9},"end":{"line":409,"column":17}},{"start":{"line":409,"column":17},"end":{"line":409,"column":null}}],"line":409},"27":{"loc":{"start":{"line":421,"column":1},"end":{"line":421,"column":null}},"type":"default-arg","locations":[{"start":{"line":421,"column":17},"end":{"line":421,"column":null}}],"line":421},"28":{"loc":{"start":{"line":425,"column":2},"end":{"line":425,"column":null}},"type":"if","locations":[{"start":{"line":425,"column":2},"end":{"line":425,"column":null}},{"start":{},"end":{}}],"line":425},"29":{"loc":{"start":{"line":434,"column":2},"end":{"line":440,"column":null}},"type":"if","locations":[{"start":{"line":434,"column":2},"end":{"line":440,"column":null}},{"start":{},"end":{}}],"line":434},"30":{"loc":{"start":{"line":442,"column":10},"end":{"line":442,"column":22}},"type":"binary-expr","locations":[{"start":{"line":442,"column":10},"end":{"line":442,"column":18}},{"start":{"line":442,"column":18},"end":{"line":442,"column":22}}],"line":442},"31":{"loc":{"start":{"line":469,"column":1},"end":{"line":469,"column":null}},"type":"default-arg","locations":[{"start":{"line":469,"column":17},"end":{"line":469,"column":null}}],"line":469},"32":{"loc":{"start":{"line":470,"column":1},"end":{"line":470,"column":null}},"type":"default-arg","locations":[{"start":{"line":470,"column":17},"end":{"line":470,"column":null}}],"line":470},"33":{"loc":{"start":{"line":474,"column":2},"end":{"line":474,"column":null}},"type":"if","locations":[{"start":{"line":474,"column":2},"end":{"line":474,"column":null}},{"start":{},"end":{}}],"line":474},"34":{"loc":{"start":{"line":487,"column":2},"end":{"line":493,"column":null}},"type":"if","locations":[{"start":{"line":487,"column":2},"end":{"line":493,"column":null}},{"start":{},"end":{}}],"line":487},"35":{"loc":{"start":{"line":495,"column":10},"end":{"line":495,"column":22}},"type":"binary-expr","locations":[{"start":{"line":495,"column":10},"end":{"line":495,"column":18}},{"start":{"line":495,"column":18},"end":{"line":495,"column":22}}],"line":495},"36":{"loc":{"start":{"line":522,"column":1},"end":{"line":522,"column":null}},"type":"default-arg","locations":[{"start":{"line":522,"column":23},"end":{"line":522,"column":null}}],"line":522},"37":{"loc":{"start":{"line":523,"column":1},"end":{"line":523,"column":null}},"type":"default-arg","locations":[{"start":{"line":523,"column":17},"end":{"line":523,"column":null}}],"line":523},"38":{"loc":{"start":{"line":527,"column":2},"end":{"line":527,"column":null}},"type":"if","locations":[{"start":{"line":527,"column":2},"end":{"line":527,"column":null}},{"start":{},"end":{}}],"line":527},"39":{"loc":{"start":{"line":537,"column":2},"end":{"line":543,"column":null}},"type":"if","locations":[{"start":{"line":537,"column":2},"end":{"line":543,"column":null}},{"start":{},"end":{}}],"line":537},"40":{"loc":{"start":{"line":545,"column":10},"end":{"line":545,"column":22}},"type":"binary-expr","locations":[{"start":{"line":545,"column":10},"end":{"line":545,"column":18}},{"start":{"line":545,"column":18},"end":{"line":545,"column":22}}],"line":545},"41":{"loc":{"start":{"line":572,"column":1},"end":{"line":572,"column":null}},"type":"default-arg","locations":[{"start":{"line":572,"column":16},"end":{"line":572,"column":null}}],"line":572},"42":{"loc":{"start":{"line":584,"column":2},"end":{"line":584,"column":null}},"type":"if","locations":[{"start":{"line":584,"column":2},"end":{"line":584,"column":null}},{"start":{},"end":{}}],"line":584},"43":{"loc":{"start":{"line":596,"column":2},"end":{"line":602,"column":null}},"type":"if","locations":[{"start":{"line":596,"column":2},"end":{"line":602,"column":null}},{"start":{},"end":{}}],"line":596},"44":{"loc":{"start":{"line":610,"column":20},"end":{"line":610,"column":32}},"type":"binary-expr","locations":[{"start":{"line":610,"column":20},"end":{"line":610,"column":28}},{"start":{"line":610,"column":28},"end":{"line":610,"column":32}}],"line":610},"45":{"loc":{"start":{"line":614,"column":20},"end":{"line":618,"column":null}},"type":"binary-expr","locations":[{"start":{"line":614,"column":20},"end":{"line":614,"column":40}},{"start":{"line":614,"column":40},"end":{"line":618,"column":null}}],"line":614},"46":{"loc":{"start":{"line":620,"column":3},"end":{"line":624,"column":null}},"type":"if","locations":[{"start":{"line":620,"column":3},"end":{"line":624,"column":null}},{"start":{"line":622,"column":10},"end":{"line":624,"column":null}}],"line":620}},"s":{"0":0,"1":0,"2":0,"3":0,"4":0,"5":0,"6":0,"7":0,"8":0,"9":0,"10":0,"11":0,"12":0,"13":0,"14":0,"15":0,"16":0,"17":0,"18":0,"19":0,"20":0,"21":0,"22":0,"23":0,"24":0,"25":0,"26":0,"27":0,"28":0,"29":0,"30":0,"31":0,"32":0,"33":0,"34":0,"35":0,"36":0,"37":0,"38":0,"39":0,"40":0,"41":0,"42":0,"43":0,"44":0,"45":0,"46":0,"47":0,"48":0,"49":0,"50":0,"51":0,"52":0,"53":0,"54":0,"55":0,"56":0,"57":0,"58":0,"59":0,"60":0,"61":0,"62":0,"63":0,"64":0,"65":0,"66":0,"67":0,"68":0,"69":0,"70":0,"71":0,"72":0,"73":0,"74":0,"75":0,"76":0,"77":0,"78":0,"79":0,"80":0,"81":0,"82":0,"83":0,"84":0,"85":0,"86":0,"87":0,"88":0,"89":0,"90":0,"91":0,"92":0,"93":0,"94":0,"95":0,"96":0,"97":0,"98":0,"99":0,"100":0,"101":0,"102":0,"103":0,"104":0,"105":0,"106":0,"107":0,"108":0,"109":0,"110":0,"111":0,"112":0,"113":0,"114":0,"115":0,"116":0,"117":0,"118":0,"119":0,"120":0,"121":0,"122":0,"123":0,"124":0,"125":0,"126":0,"127":0,"128":0,"129":0,"130":0,"131":0,"132":0,"133":0,"134":0,"135":0,"136":0,"137":0},"f":{"0":0,"1":0,"2":0,"3":0,"4":0,"5":0,"6":0,"7":0,"8":0,"9":0,"10":0,"11":0,"12":0,"13":0,"14":0,"15":0,"16":0,"17":0,"18":0,"19":0,"20":0},"b":{"0":[0,0],"1":[0,0],"2":[0,0,0],"3":[0,0],"4":[0,0],"5":[0],"6":[0,0,0],"7":[0,0],"8":[0,0],"9":[0,0],"10":[0,0],"11":[0,0],"12":[0,0],"13":[0,0],"14":[0,0],"15":[0,0],"16":[0,0],"17":[0,0],"18":[0],"19":[0,0],"20":[0,0],"21":[0,0],"22":[0,0],"23":[0],"24":[0,0],"25":[0,0],"26":[0,0],"27":[0],"28":[0,0],"29":[0,0],"30":[0,0],"31":[0],"32":[0],"33":[0,0],"34":[0,0],"35":[0,0],"36":[0],"37":[0],"38":[0,0],"39":[0,0],"40":[0,0],"41":[0],"42":[0,0],"43":[0,0],"44":[0,0],"45":[0,0],"46":[0,0]},"meta":{"lastBranch":47,"lastFunction":21,"lastStatement":138,"seen":{"f:120:15:120:Infinity":0,"s:124:1:143:Infinity":0,"s:125:19:125:Infinity":1,"b:126:2:126:Infinity:undefined:undefined:undefined:undefined":0,"s:126:2:126:Infinity":2,"s:126:17:126:Infinity":3,"s:130:6:130:Infinity":4,"b:132:2:132:Infinity:undefined:undefined:undefined:undefined":1,"s:132:2:132:Infinity":5,"s:132:13:132:Infinity":6,"s:136:4:138:Infinity":7,"b:136:4:136:Infinity:137:4:137:Infinity:138:3:138:Infinity":2,"s:140:2:140:Infinity":8,"s:142:2:142:Infinity":9,"f:150:15:150:63":1,"s:151:1:158:Infinity":10,"s:153:22:153:Infinity":11,"s:154:22:154:Infinity":12,"s:155:2:155:Infinity":13,"s:157:2:157:Infinity":14,"f:164:15:164:35":2,"s:165:1:190:Infinity":15,"s:166:19:166:Infinity":16,"b:167:2:167:Infinity:undefined:undefined:undefined:undefined":3,"s:167:2:167:Infinity":17,"s:167:17:167:Infinity":18,"s:169:20:182:Infinity":19,"b:184:2:186:Infinity:undefined:undefined:undefined:undefined":4,"s:184:2:186:Infinity":20,"s:185:3:185:Infinity":21,"s:189:2:189:Infinity":22,"f:201:22:201:Infinity":3,"b:204:34:204:Infinity":5,"s:206:19:206:Infinity":23,"s:209:25:209:Infinity":24,"s:210:17:210:Infinity":25,"b:210:17:210:36:210:36:210:55:210:36:210:Infinity":6,"s:213:21:213:Infinity":26,"s:215:1:276:Infinity":27,"f:221:11:221:18":4,"b:222:3:222:Infinity:undefined:undefined:undefined:undefined":7,"s:222:3:222:Infinity":28,"s:222:29:222:Infinity":29,"s:224:22:224:Infinity":30,"s:227:3:242:Infinity":31,"b:235:21:235:43:235:43:235:Infinity":8,"b:236:19:236:39:236:39:236:Infinity":9,"b:237:26:237:53:237:53:237:Infinity":10,"f:242:12:242:18":5,"f:248:9:248:16":6,"b:249:3:249:Infinity:undefined:undefined:undefined:undefined":11,"s:249:3:249:Infinity":32,"s:249:29:249:Infinity":33,"s:251:22:251:Infinity":34,"s:254:4:254:Infinity":35,"b:254:29:254:45:254:45:254:Infinity":12,"s:255:22:255:Infinity":36,"b:255:47:255:61:255:61:255:Infinity":13,"s:256:21:256:Infinity":37,"b:256:46:256:59:256:59:256:Infinity":14,"s:259:3:274:Infinity":38,"b:267:21:267:43:267:43:267:Infinity":15,"b:268:19:268:39:268:39:268:Infinity":16,"b:272:16:272:30:272:30:272:Infinity":17,"f:274:12:274:18":7,"f:304:16:304:Infinity":8,"b:307:52:307:Infinity":18,"s:310:20:310:Infinity":39,"b:310:20:310:35:310:35:310:Infinity":19,"s:312:1:334:Infinity":40,"f:312:8:312:15":9,"s:313:18:313:Infinity":41,"s:315:2:333:Infinity":42,"s:316:18:316:Infinity":43,"b:318:3:322:Infinity:320:10:322:Infinity":20,"s:318:3:322:Infinity":44,"s:319:4:319:Infinity":45,"s:321:4:321:Infinity":46,"b:321:34:321:50:321:50:321:65":21,"s:324:3:324:Infinity":47,"s:326:3:326:Infinity":48,"s:327:3:327:Infinity":49,"s:329:3:332:Infinity":50,"b:331:36:331:52:331:52:331:Infinity":22,"f:349:16:349:38":10,"s:350:1:355:Infinity":51,"f:350:8:350:Infinity":11,"s:354:2:354:Infinity":52,"s:359:32:359:Infinity":53,"s:360:36:360:Infinity":54,"s:361:37:361:Infinity":55,"s:362:36:362:Infinity":56,"s:363:37:363:Infinity":57,"s:364:38:364:Infinity":58,"s:365:37:365:Infinity":59,"s:366:37:366:Infinity":60,"s:367:32:367:Infinity":61,"s:369:1:369:Infinity":62,"s:370:36:370:Infinity":63,"s:371:32:371:Infinity":64,"s:372:30:372:Infinity":65,"f:381:22:381:Infinity":12,"b:383:17:383:Infinity":23,"s:395:1:413:Infinity":66,"s:396:19:396:Infinity":67,"b:397:2:397:Infinity:undefined:undefined:undefined:undefined":24,"s:397:2:397:Infinity":68,"s:397:17:397:Infinity":69,"s:399:26:402:Infinity":70,"b:404:2:407:Infinity:undefined:undefined:undefined:undefined":25,"s:404:2:407:Infinity":71,"s:405:3:405:Infinity":72,"s:406:3:406:Infinity":73,"s:409:2:409:Infinity":74,"b:409:9:409:17:409:17:409:Infinity":26,"s:411:2:411:Infinity":75,"s:412:2:412:Infinity":76,"f:419:22:419:Infinity":13,"b:421:17:421:Infinity":27,"s:423:1:461:Infinity":77,"s:424:19:424:Infinity":78,"b:425:2:425:Infinity:undefined:undefined:undefined:undefined":28,"s:425:2:425:Infinity":79,"s:425:17:425:Infinity":80,"s:427:26:432:Infinity":81,"b:434:2:440:Infinity:undefined:undefined:undefined:undefined":29,"s:434:2:440:Infinity":82,"s:435:3:438:Infinity":83,"s:439:3:439:Infinity":84,"s:442:2:457:Infinity":85,"b:442:10:442:18:442:18:442:22":30,"f:442:26:442:27":14,"s:442:36:457:4":86,"s:459:2:459:Infinity":87,"s:460:2:460:Infinity":88,"f:467:22:467:Infinity":15,"b:469:17:469:Infinity":31,"b:470:17:470:Infinity":32,"s:472:1:514:Infinity":89,"s:473:19:473:Infinity":90,"b:474:2:474:Infinity:undefined:undefined:undefined:undefined":33,"s:474:2:474:Infinity":91,"s:474:17:474:Infinity":92,"s:476:17:476:Infinity":93,"s:478:26:485:Infinity":94,"b:487:2:493:Infinity:undefined:undefined:undefined:undefined":34,"s:487:2:493:Infinity":95,"s:488:3:491:Infinity":96,"s:492:3:492:Infinity":97,"s:495:2:510:Infinity":98,"b:495:10:495:18:495:18:495:22":35,"f:495:26:495:27":16,"s:495:36:510:4":99,"s:512:2:512:Infinity":100,"s:513:2:513:Infinity":101,"f:520:22:520:Infinity":17,"b:522:23:522:Infinity":36,"b:523:17:523:Infinity":37,"s:525:1:564:Infinity":102,"s:526:19:526:Infinity":103,"b:527:2:527:Infinity:undefined:undefined:undefined:undefined":38,"s:527:2:527:Infinity":104,"s:527:17:527:Infinity":105,"s:529:26:535:Infinity":106,"b:537:2:543:Infinity:undefined:undefined:undefined:undefined":39,"s:537:2:543:Infinity":107,"s:538:3:541:Infinity":108,"s:542:3:542:Infinity":109,"s:545:2:560:Infinity":110,"b:545:10:545:18:545:18:545:22":40,"f:545:26:545:27":18,"s:545:36:560:4":111,"s:562:2:562:Infinity":112,"s:563:2:563:Infinity":113,"f:570:22:570:Infinity":19,"b:572:16:572:Infinity":41,"s:582:1:635:Infinity":114,"s:583:19:583:Infinity":115,"b:584:2:584:Infinity:undefined:undefined:undefined:undefined":42,"s:584:2:584:Infinity":116,"s:584:17:584:Infinity":117,"s:586:17:588:Infinity":118,"s:590:26:594:Infinity":119,"b:596:2:602:Infinity:undefined:undefined:undefined:undefined":43,"s:596:2:602:Infinity":120,"s:597:3:600:Infinity":121,"s:601:3:601:Infinity":122,"s:605:18:608:Infinity":123,"s:610:2:626:Infinity":124,"b:610:20:610:28:610:28:610:32":44,"s:611:16:611:Infinity":125,"s:612:15:612:Infinity":126,"s:614:20:618:Infinity":127,"b:614:20:614:40:614:40:618:Infinity":45,"s:619:3:619:Infinity":128,"b:620:3:624:Infinity:622:10:624:Infinity":46,"s:620:3:624:Infinity":129,"s:621:4:621:Infinity":130,"s:623:4:623:Infinity":131,"s:625:3:625:Infinity":132,"s:628:2:631:Infinity":133,"f:628:43:628:44":20,"s:629:28:629:Infinity":134,"s:630:3:630:Infinity":135,"s:633:2:633:Infinity":136,"s:634:2:634:Infinity":137}}}
,"/Users/byronwade/Stratos/apps/web/src/lib/analytics/ai-tracker.ts": {"path":"/Users/byronwade/Stratos/apps/web/src/lib/analytics/ai-tracker.ts","statementMap":{"0":{"start":{"line":143,"column":4},"end":{"line":169,"column":null}},"1":{"start":{"line":180,"column":13},"end":{"line":180,"column":null}},"2":{"start":{"line":182,"column":1},"end":{"line":187,"column":null}},"3":{"start":{"line":183,"column":2},"end":{"line":186,"column":null}},"4":{"start":{"line":184,"column":3},"end":{"line":184,"column":null}},"5":{"start":{"line":185,"column":3},"end":{"line":185,"column":null}},"6":{"start":{"line":190,"column":20},"end":{"line":190,"column":null}},"7":{"start":{"line":191,"column":21},"end":{"line":191,"column":null}},"8":{"start":{"line":193,"column":1},"end":{"line":193,"column":null}},"9":{"start":{"line":204,"column":1},"end":{"line":238,"column":null}},"10":{"start":{"line":205,"column":19},"end":{"line":205,"column":null}},"11":{"start":{"line":206,"column":2},"end":{"line":206,"column":null}},"12":{"start":{"line":206,"column":17},"end":{"line":206,"column":null}},"13":{"start":{"line":208,"column":20},"end":{"line":212,"column":null}},"14":{"start":{"line":214,"column":20},"end":{"line":230,"column":null}},"15":{"start":{"line":232,"column":2},"end":{"line":234,"column":null}},"16":{"start":{"line":233,"column":3},"end":{"line":233,"column":null}},"17":{"start":{"line":237,"column":2},"end":{"line":237,"column":null}},"18":{"start":{"line":245,"column":1},"end":{"line":245,"column":null}},"19":{"start":{"line":257,"column":19},"end":{"line":257,"column":null}},"20":{"start":{"line":258,"column":17},"end":{"line":258,"column":null}},"21":{"start":{"line":260,"column":1},"end":{"line":325,"column":null}},"22":{"start":{"line":270,"column":21},"end":{"line":270,"column":null}},"23":{"start":{"line":274,"column":4},"end":{"line":277,"column":null}},"24":{"start":{"line":279,"column":4},"end":{"line":282,"column":null}},"25":{"start":{"line":284,"column":3},"end":{"line":298,"column":null}},"26":{"start":{"line":305,"column":21},"end":{"line":305,"column":null}},"27":{"start":{"line":307,"column":4},"end":{"line":307,"column":null}},"28":{"start":{"line":309,"column":3},"end":{"line":323,"column":null}},"29":{"start":{"line":344,"column":17},"end":{"line":344,"column":null}},"30":{"start":{"line":346,"column":1},"end":{"line":361,"column":null}},"31":{"start":{"line":347,"column":17},"end":{"line":347,"column":null}},"32":{"start":{"line":350,"column":2},"end":{"line":355,"column":null}},"33":{"start":{"line":351,"column":3},"end":{"line":351,"column":null}},"34":{"start":{"line":354,"column":3},"end":{"line":354,"column":null}},"35":{"start":{"line":357,"column":2},"end":{"line":357,"column":null}},"36":{"start":{"line":359,"column":2},"end":{"line":359,"column":null}},"37":{"start":{"line":360,"column":2},"end":{"line":360,"column":null}},"38":{"start":{"line":378,"column":1},"end":{"line":386,"column":null}},"39":{"start":{"line":399,"column":1},"end":{"line":407,"column":null}},"40":{"start":{"line":420,"column":1},"end":{"line":428,"column":null}},"41":{"start":{"line":459,"column":23},"end":{"line":466,"column":null}},"42":{"start":{"line":475,"column":17},"end":{"line":475,"column":null}},"43":{"start":{"line":476,"column":1},"end":{"line":479,"column":null}},"44":{"start":{"line":487,"column":1},"end":{"line":523,"column":null}},"45":{"start":{"line":488,"column":19},"end":{"line":488,"column":null}},"46":{"start":{"line":489,"column":2},"end":{"line":489,"column":null}},"47":{"start":{"line":489,"column":17},"end":{"line":489,"column":null}},"48":{"start":{"line":491,"column":26},"end":{"line":491,"column":null}},"49":{"start":{"line":492,"column":16},"end":{"line":492,"column":null}},"50":{"start":{"line":495,"column":20},"end":{"line":513,"column":null}},"51":{"start":{"line":515,"column":2},"end":{"line":517,"column":null}},"52":{"start":{"line":516,"column":3},"end":{"line":516,"column":null}},"53":{"start":{"line":520,"column":2},"end":{"line":520,"column":null}},"54":{"start":{"line":522,"column":2},"end":{"line":522,"column":null}},"55":{"start":{"line":533,"column":1},"end":{"line":563,"column":null}},"56":{"start":{"line":534,"column":19},"end":{"line":534,"column":null}},"57":{"start":{"line":535,"column":2},"end":{"line":535,"column":null}},"58":{"start":{"line":535,"column":17},"end":{"line":535,"column":null}},"59":{"start":{"line":538,"column":20},"end":{"line":555,"column":null}},"60":{"start":{"line":558,"column":2},"end":{"line":560,"column":null}},"61":{"start":{"line":559,"column":3},"end":{"line":559,"column":null}},"62":{"start":{"line":581,"column":1},"end":{"line":672,"column":null}},"63":{"start":{"line":582,"column":19},"end":{"line":582,"column":null}},"64":{"start":{"line":583,"column":2},"end":{"line":593,"column":null}},"65":{"start":{"line":584,"column":3},"end":{"line":592,"column":null}},"66":{"start":{"line":596,"column":14},"end":{"line":600,"column":null}},"67":{"start":{"line":603,"column":2},"end":{"line":610,"column":null}},"68":{"start":{"line":604,"column":25},"end":{"line":604,"column":null}},"69":{"start":{"line":605,"column":21},"end":{"line":605,"column":null}},"70":{"start":{"line":606,"column":19},"end":{"line":606,"column":null}},"71":{"start":{"line":607,"column":3},"end":{"line":609,"column":null}},"72":{"start":{"line":612,"column":26},"end":{"line":612,"column":null}},"73":{"start":{"line":614,"column":2},"end":{"line":625,"column":null}},"74":{"start":{"line":615,"column":3},"end":{"line":615,"column":null}},"75":{"start":{"line":616,"column":3},"end":{"line":624,"column":null}},"76":{"start":{"line":627,"column":18},"end":{"line":635,"column":null}},"77":{"start":{"line":637,"column":2},"end":{"line":648,"column":null}},"78":{"start":{"line":639,"column":9},"end":{"line":639,"column":null}},"79":{"start":{"line":640,"column":3},"end":{"line":640,"column":null}},"80":{"start":{"line":641,"column":3},"end":{"line":641,"column":null}},"81":{"start":{"line":643,"column":3},"end":{"line":643,"column":null}},"82":{"start":{"line":645,"column":3},"end":{"line":645,"column":null}},"83":{"start":{"line":645,"column":41},"end":{"line":645,"column":null}},"84":{"start":{"line":646,"column":3},"end":{"line":646,"column":null}},"85":{"start":{"line":646,"column":42},"end":{"line":646,"column":null}},"86":{"start":{"line":647,"column":3},"end":{"line":647,"column":null}},"87":{"start":{"line":647,"column":20},"end":{"line":647,"column":null}},"88":{"start":{"line":650,"column":2},"end":{"line":660,"column":null}},"89":{"start":{"line":662,"column":2},"end":{"line":662,"column":null}},"90":{"start":{"line":663,"column":2},"end":{"line":671,"column":null}},"91":{"start":{"line":697,"column":1},"end":{"line":724,"column":null}},"92":{"start":{"line":698,"column":19},"end":{"line":698,"column":null}},"93":{"start":{"line":699,"column":2},"end":{"line":699,"column":null}},"94":{"start":{"line":699,"column":17},"end":{"line":699,"column":null}},"95":{"start":{"line":701,"column":26},"end":{"line":704,"column":null}},"96":{"start":{"line":706,"column":2},"end":{"line":709,"column":null}},"97":{"start":{"line":707,"column":3},"end":{"line":707,"column":null}},"98":{"start":{"line":708,"column":3},"end":{"line":708,"column":null}},"99":{"start":{"line":711,"column":2},"end":{"line":720,"column":null}},"100":{"start":{"line":711,"column":61},"end":{"line":720,"column":4}},"101":{"start":{"line":722,"column":2},"end":{"line":722,"column":null}},"102":{"start":{"line":723,"column":2},"end":{"line":723,"column":null}},"103":{"start":{"line":741,"column":1},"end":{"line":790,"column":null}},"104":{"start":{"line":742,"column":19},"end":{"line":742,"column":null}},"105":{"start":{"line":743,"column":2},"end":{"line":743,"column":null}},"106":{"start":{"line":743,"column":17},"end":{"line":743,"column":null}},"107":{"start":{"line":745,"column":17},"end":{"line":747,"column":null}},"108":{"start":{"line":749,"column":26},"end":{"line":754,"column":null}},"109":{"start":{"line":756,"column":2},"end":{"line":759,"column":null}},"110":{"start":{"line":757,"column":3},"end":{"line":757,"column":null}},"111":{"start":{"line":758,"column":3},"end":{"line":758,"column":null}},"112":{"start":{"line":762,"column":19},"end":{"line":765,"column":null}},"113":{"start":{"line":767,"column":2},"end":{"line":781,"column":null}},"114":{"start":{"line":768,"column":16},"end":{"line":768,"column":null}},"115":{"start":{"line":770,"column":20},"end":{"line":774,"column":null}},"116":{"start":{"line":776,"column":3},"end":{"line":776,"column":null}},"117":{"start":{"line":777,"column":3},"end":{"line":777,"column":null}},"118":{"start":{"line":778,"column":3},"end":{"line":778,"column":null}},"119":{"start":{"line":780,"column":3},"end":{"line":780,"column":null}},"120":{"start":{"line":783,"column":2},"end":{"line":786,"column":null}},"121":{"start":{"line":783,"column":64},"end":{"line":786,"column":4}},"122":{"start":{"line":788,"column":2},"end":{"line":788,"column":null}},"123":{"start":{"line":789,"column":2},"end":{"line":789,"column":null}},"124":{"start":{"line":807,"column":1},"end":{"line":863,"column":null}},"125":{"start":{"line":808,"column":19},"end":{"line":808,"column":null}},"126":{"start":{"line":809,"column":2},"end":{"line":809,"column":null}},"127":{"start":{"line":809,"column":17},"end":{"line":809,"column":null}},"128":{"start":{"line":811,"column":17},"end":{"line":813,"column":null}},"129":{"start":{"line":815,"column":26},"end":{"line":820,"column":null}},"130":{"start":{"line":822,"column":2},"end":{"line":825,"column":null}},"131":{"start":{"line":823,"column":3},"end":{"line":823,"column":null}},"132":{"start":{"line":824,"column":3},"end":{"line":824,"column":null}},"133":{"start":{"line":828,"column":18},"end":{"line":831,"column":null}},"134":{"start":{"line":833,"column":2},"end":{"line":850,"column":null}},"135":{"start":{"line":834,"column":17},"end":{"line":834,"column":null}},"136":{"start":{"line":835,"column":3},"end":{"line":835,"column":null}},"137":{"start":{"line":835,"column":30},"end":{"line":835,"column":null}},"138":{"start":{"line":837,"column":3},"end":{"line":849,"column":null}},"139":{"start":{"line":838,"column":21},"end":{"line":842,"column":null}},"140":{"start":{"line":844,"column":4},"end":{"line":844,"column":null}},"141":{"start":{"line":845,"column":4},"end":{"line":845,"column":null}},"142":{"start":{"line":846,"column":4},"end":{"line":846,"column":null}},"143":{"start":{"line":846,"column":21},"end":{"line":846,"column":null}},"144":{"start":{"line":848,"column":4},"end":{"line":848,"column":null}},"145":{"start":{"line":852,"column":2},"end":{"line":859,"column":null}},"146":{"start":{"line":853,"column":32},"end":{"line":858,"column":5}},"147":{"start":{"line":859,"column":19},"end":{"line":859,"column":44}},"148":{"start":{"line":861,"column":2},"end":{"line":861,"column":null}},"149":{"start":{"line":862,"column":2},"end":{"line":862,"column":null}},"150":{"start":{"line":880,"column":1},"end":{"line":957,"column":null}},"151":{"start":{"line":881,"column":19},"end":{"line":881,"column":null}},"152":{"start":{"line":882,"column":2},"end":{"line":889,"column":null}},"153":{"start":{"line":882,"column":17},"end":{"line":889,"column":null}},"154":{"start":{"line":891,"column":17},"end":{"line":893,"column":null}},"155":{"start":{"line":895,"column":26},"end":{"line":900,"column":null}},"156":{"start":{"line":902,"column":2},"end":{"line":912,"column":null}},"157":{"start":{"line":903,"column":3},"end":{"line":903,"column":null}},"158":{"start":{"line":904,"column":3},"end":{"line":911,"column":null}},"159":{"start":{"line":914,"column":17},"end":{"line":920,"column":null}},"160":{"start":{"line":922,"column":2},"end":{"line":937,"column":null}},"161":{"start":{"line":923,"column":3},"end":{"line":936,"column":null}},"162":{"start":{"line":925,"column":5},"end":{"line":925,"column":null}},"163":{"start":{"line":926,"column":5},"end":{"line":926,"column":null}},"164":{"start":{"line":928,"column":5},"end":{"line":928,"column":null}},"165":{"start":{"line":929,"column":5},"end":{"line":929,"column":null}},"166":{"start":{"line":931,"column":5},"end":{"line":931,"column":null}},"167":{"start":{"line":932,"column":5},"end":{"line":932,"column":null}},"168":{"start":{"line":934,"column":5},"end":{"line":934,"column":null}},"169":{"start":{"line":935,"column":5},"end":{"line":935,"column":null}},"170":{"start":{"line":939,"column":24},"end":{"line":939,"column":null}},"171":{"start":{"line":940,"column":23},"end":{"line":940,"column":null}},"172":{"start":{"line":942,"column":2},"end":{"line":946,"column":null}},"173":{"start":{"line":948,"column":2},"end":{"line":948,"column":null}},"174":{"start":{"line":949,"column":2},"end":{"line":956,"column":null}},"175":{"start":{"line":976,"column":1},"end":{"line":1004,"column":null}},"176":{"start":{"line":977,"column":19},"end":{"line":977,"column":null}},"177":{"start":{"line":978,"column":2},"end":{"line":978,"column":null}},"178":{"start":{"line":978,"column":17},"end":{"line":978,"column":null}},"179":{"start":{"line":980,"column":26},"end":{"line":986,"column":null}},"180":{"start":{"line":988,"column":2},"end":{"line":991,"column":null}},"181":{"start":{"line":989,"column":3},"end":{"line":989,"column":null}},"182":{"start":{"line":990,"column":3},"end":{"line":990,"column":null}},"183":{"start":{"line":993,"column":2},"end":{"line":1000,"column":null}},"184":{"start":{"line":993,"column":36},"end":{"line":1000,"column":4}},"185":{"start":{"line":1002,"column":2},"end":{"line":1002,"column":null}},"186":{"start":{"line":1003,"column":2},"end":{"line":1003,"column":null}}},"fnMap":{"0":{"name":"calculateTokenCost","decl":{"start":{"line":174,"column":16},"end":{"line":174,"column":null}},"loc":{"start":{"line":178,"column":10},"end":{"line":194,"column":null}},"line":178},"1":{"name":"logAIUsageToDatabase","decl":{"start":{"line":203,"column":15},"end":{"line":203,"column":36}},"loc":{"start":{"line":203,"column":74},"end":{"line":239,"column":null}},"line":203},"2":{"name":"trackAIUsage","decl":{"start":{"line":244,"column":22},"end":{"line":244,"column":35}},"loc":{"start":{"line":244,"column":73},"end":{"line":246,"column":null}},"line":244},"3":{"name":"startAICall","decl":{"start":{"line":256,"column":16},"end":{"line":256,"column":28}},"loc":{"start":{"line":256,"column":71},"end":{"line":326,"column":null}},"line":256},"4":{"name":"(anonymous_4)","decl":{"start":{"line":266,"column":11},"end":{"line":266,"column":null}},"loc":{"start":{"line":269,"column":22},"end":{"line":299,"column":null}},"line":269},"5":{"name":"(anonymous_5)","decl":{"start":{"line":304,"column":9},"end":{"line":304,"column":16}},"loc":{"start":{"line":304,"column":50},"end":{"line":324,"column":null}},"line":304},"6":{"name":"withAITracking","decl":{"start":{"line":339,"column":22},"end":{"line":339,"column":null}},"loc":{"start":{"line":343,"column":14},"end":{"line":362,"column":null}},"line":343},"7":{"name":"trackOpenAICall","decl":{"start":{"line":371,"column":22},"end":{"line":371,"column":null}},"loc":{"start":{"line":377,"column":17},"end":{"line":387,"column":null}},"line":377},"8":{"name":"trackAnthropicCall","decl":{"start":{"line":392,"column":22},"end":{"line":392,"column":null}},"loc":{"start":{"line":398,"column":17},"end":{"line":408,"column":null}},"line":398},"9":{"name":"trackGoogleAICall","decl":{"start":{"line":413,"column":22},"end":{"line":413,"column":null}},"loc":{"start":{"line":419,"column":17},"end":{"line":429,"column":null}},"line":419},"10":{"name":"calculateVoiceAICost","decl":{"start":{"line":471,"column":16},"end":{"line":471,"column":37}},"loc":{"start":{"line":474,"column":2},"end":{"line":480,"column":null}},"line":474},"11":{"name":"trackVoiceAICall","decl":{"start":{"line":486,"column":22},"end":{"line":486,"column":39}},"loc":{"start":{"line":486,"column":81},"end":{"line":524,"column":null}},"line":486},"12":{"name":"logVoiceAICallDetails","decl":{"start":{"line":529,"column":15},"end":{"line":529,"column":null}},"loc":{"start":{"line":532,"column":17},"end":{"line":564,"column":null}},"line":532},"13":{"name":"getVoiceAIUsageSummary","decl":{"start":{"line":569,"column":22},"end":{"line":569,"column":null}},"loc":{"start":{"line":580,"column":3},"end":{"line":673,"column":null}},"line":580},"14":{"name":"getAIUsageSummary","decl":{"start":{"line":682,"column":22},"end":{"line":682,"column":null}},"loc":{"start":{"line":696,"column":2},"end":{"line":725,"column":null}},"line":696},"15":{"name":"(anonymous_15)","decl":{"start":{"line":711,"column":26},"end":{"line":711,"column":27}},"loc":{"start":{"line":711,"column":61},"end":{"line":720,"column":4}},"line":711},"16":{"name":"getAICostByDay","decl":{"start":{"line":730,"column":22},"end":{"line":730,"column":null}},"loc":{"start":{"line":740,"column":2},"end":{"line":791,"column":null}},"line":740},"17":{"name":"(anonymous_17)","decl":{"start":{"line":783,"column":44},"end":{"line":783,"column":45}},"loc":{"start":{"line":783,"column":64},"end":{"line":786,"column":4}},"line":783},"18":{"name":"getToolCallStats","decl":{"start":{"line":796,"column":22},"end":{"line":796,"column":null}},"loc":{"start":{"line":806,"column":2},"end":{"line":864,"column":null}},"line":806},"19":{"name":"(anonymous_19)","decl":{"start":{"line":853,"column":8},"end":{"line":853,"column":9}},"loc":{"start":{"line":853,"column":32},"end":{"line":858,"column":5}},"line":853},"20":{"name":"(anonymous_20)","decl":{"start":{"line":859,"column":9},"end":{"line":859,"column":10}},"loc":{"start":{"line":859,"column":19},"end":{"line":859,"column":44}},"line":859},"21":{"name":"getApprovalStats","decl":{"start":{"line":869,"column":22},"end":{"line":869,"column":null}},"loc":{"start":{"line":879,"column":3},"end":{"line":958,"column":null}},"line":879},"22":{"name":"getRecentAIErrors","decl":{"start":{"line":963,"column":22},"end":{"line":963,"column":null}},"loc":{"start":{"line":975,"column":2},"end":{"line":1005,"column":null}},"line":975},"23":{"name":"(anonymous_23)","decl":{"start":{"line":993,"column":26},"end":{"line":993,"column":27}},"loc":{"start":{"line":993,"column":36},"end":{"line":1000,"column":4}},"line":993}},"branchMap":{"0":{"loc":{"start":{"line":183,"column":2},"end":{"line":186,"column":null}},"type":"if","locations":[{"start":{"line":183,"column":2},"end":{"line":186,"column":null}},{"start":{},"end":{}}],"line":183},"1":{"loc":{"start":{"line":183,"column":6},"end":{"line":183,"column":80}},"type":"binary-expr","locations":[{"start":{"line":183,"column":6},"end":{"line":183,"column":36}},{"start":{"line":183,"column":36},"end":{"line":183,"column":80}}],"line":183},"2":{"loc":{"start":{"line":206,"column":2},"end":{"line":206,"column":null}},"type":"if","locations":[{"start":{"line":206,"column":2},"end":{"line":206,"column":null}},{"start":{},"end":{}}],"line":206},"3":{"loc":{"start":{"line":215,"column":13},"end":{"line":215,"column":null}},"type":"binary-expr","locations":[{"start":{"line":215,"column":13},"end":{"line":215,"column":31}},{"start":{"line":215,"column":20},"end":{"line":215,"column":null}}],"line":215},"4":{"loc":{"start":{"line":219,"column":13},"end":{"line":219,"column":null}},"type":"binary-expr","locations":[{"start":{"line":219,"column":13},"end":{"line":219,"column":32}},{"start":{"line":219,"column":32},"end":{"line":219,"column":null}}],"line":219},"5":{"loc":{"start":{"line":224,"column":12},"end":{"line":224,"column":null}},"type":"binary-expr","locations":[{"start":{"line":224,"column":12},"end":{"line":224,"column":30}},{"start":{"line":224,"column":30},"end":{"line":224,"column":null}}],"line":224},"6":{"loc":{"start":{"line":225,"column":13},"end":{"line":225,"column":null}},"type":"binary-expr","locations":[{"start":{"line":225,"column":13},"end":{"line":225,"column":31}},{"start":{"line":225,"column":31},"end":{"line":225,"column":null}}],"line":225},"7":{"loc":{"start":{"line":226,"column":17},"end":{"line":226,"column":null}},"type":"binary-expr","locations":[{"start":{"line":226,"column":17},"end":{"line":226,"column":39}},{"start":{"line":226,"column":39},"end":{"line":226,"column":null}}],"line":226},"8":{"loc":{"start":{"line":227,"column":20},"end":{"line":227,"column":null}},"type":"binary-expr","locations":[{"start":{"line":227,"column":20},"end":{"line":227,"column":45}},{"start":{"line":227,"column":45},"end":{"line":227,"column":null}}],"line":227},"9":{"loc":{"start":{"line":228,"column":18},"end":{"line":228,"column":null}},"type":"binary-expr","locations":[{"start":{"line":228,"column":18},"end":{"line":228,"column":41}},{"start":{"line":228,"column":41},"end":{"line":228,"column":null}}],"line":228},"10":{"loc":{"start":{"line":232,"column":2},"end":{"line":234,"column":null}},"type":"if","locations":[{"start":{"line":232,"column":2},"end":{"line":234,"column":null}},{"start":{},"end":{}}],"line":232},"11":{"loc":{"start":{"line":258,"column":17},"end":{"line":258,"column":null}},"type":"binary-expr","locations":[{"start":{"line":258,"column":17},"end":{"line":258,"column":36}},{"start":{"line":258,"column":25},"end":{"line":258,"column":null}}],"line":258},"12":{"loc":{"start":{"line":274,"column":4},"end":{"line":277,"column":null}},"type":"binary-expr","locations":[{"start":{"line":274,"column":4},"end":{"line":274,"column":null}},{"start":{"line":275,"column":4},"end":{"line":275,"column":null}},{"start":{"line":276,"column":4},"end":{"line":276,"column":null}},{"start":{"line":277,"column":4},"end":{"line":277,"column":null}}],"line":274},"13":{"loc":{"start":{"line":279,"column":4},"end":{"line":282,"column":null}},"type":"binary-expr","locations":[{"start":{"line":279,"column":4},"end":{"line":279,"column":null}},{"start":{"line":280,"column":4},"end":{"line":280,"column":null}},{"start":{"line":281,"column":4},"end":{"line":281,"column":null}},{"start":{"line":282,"column":4},"end":{"line":282,"column":null}}],"line":279},"14":{"loc":{"start":{"line":307,"column":4},"end":{"line":307,"column":null}},"type":"cond-expr","locations":[{"start":{"line":307,"column":29},"end":{"line":307,"column":45}},{"start":{"line":307,"column":45},"end":{"line":307,"column":null}}],"line":307},"15":{"loc":{"start":{"line":350,"column":2},"end":{"line":355,"column":null}},"type":"if","locations":[{"start":{"line":350,"column":2},"end":{"line":355,"column":null}},{"start":{"line":352,"column":9},"end":{"line":355,"column":null}}],"line":350},"16":{"loc":{"start":{"line":424,"column":15},"end":{"line":424,"column":null}},"type":"binary-expr","locations":[{"start":{"line":424,"column":15},"end":{"line":424,"column":41}},{"start":{"line":424,"column":41},"end":{"line":424,"column":null}}],"line":424},"17":{"loc":{"start":{"line":425,"column":16},"end":{"line":425,"column":null}},"type":"binary-expr","locations":[{"start":{"line":425,"column":16},"end":{"line":425,"column":46}},{"start":{"line":425,"column":46},"end":{"line":425,"column":null}}],"line":425},"18":{"loc":{"start":{"line":489,"column":2},"end":{"line":489,"column":null}},"type":"if","locations":[{"start":{"line":489,"column":2},"end":{"line":489,"column":null}},{"start":{},"end":{}}],"line":489},"19":{"loc":{"start":{"line":496,"column":13},"end":{"line":496,"column":null}},"type":"binary-expr","locations":[{"start":{"line":496,"column":13},"end":{"line":496,"column":31}},{"start":{"line":496,"column":20},"end":{"line":496,"column":null}}],"line":496},"20":{"loc":{"start":{"line":501,"column":17},"end":{"line":501,"column":null}},"type":"binary-expr","locations":[{"start":{"line":501,"column":17},"end":{"line":501,"column":42}},{"start":{"line":501,"column":42},"end":{"line":501,"column":null}}],"line":501},"21":{"loc":{"start":{"line":502,"column":18},"end":{"line":502,"column":null}},"type":"binary-expr","locations":[{"start":{"line":502,"column":18},"end":{"line":502,"column":44}},{"start":{"line":502,"column":44},"end":{"line":502,"column":null}}],"line":502},"22":{"loc":{"start":{"line":505,"column":12},"end":{"line":505,"column":null}},"type":"binary-expr","locations":[{"start":{"line":505,"column":12},"end":{"line":505,"column":30}},{"start":{"line":505,"column":30},"end":{"line":505,"column":null}}],"line":505},"23":{"loc":{"start":{"line":509,"column":18},"end":{"line":509,"column":null}},"type":"binary-expr","locations":[{"start":{"line":509,"column":18},"end":{"line":509,"column":41}},{"start":{"line":509,"column":41},"end":{"line":509,"column":null}}],"line":509},"24":{"loc":{"start":{"line":515,"column":2},"end":{"line":517,"column":null}},"type":"if","locations":[{"start":{"line":515,"column":2},"end":{"line":517,"column":null}},{"start":{},"end":{}}],"line":515},"25":{"loc":{"start":{"line":535,"column":2},"end":{"line":535,"column":null}},"type":"if","locations":[{"start":{"line":535,"column":2},"end":{"line":535,"column":null}},{"start":{},"end":{}}],"line":535},"26":{"loc":{"start":{"line":539,"column":7},"end":{"line":539,"column":null}},"type":"binary-expr","locations":[{"start":{"line":539,"column":7},"end":{"line":539,"column":25}},{"start":{"line":539,"column":14},"end":{"line":539,"column":null}}],"line":539},"27":{"loc":{"start":{"line":542,"column":16},"end":{"line":542,"column":null}},"type":"binary-expr","locations":[{"start":{"line":542,"column":16},"end":{"line":542,"column":37}},{"start":{"line":542,"column":37},"end":{"line":542,"column":null}}],"line":542},"28":{"loc":{"start":{"line":546,"column":25},"end":{"line":546,"column":null}},"type":"binary-expr","locations":[{"start":{"line":546,"column":25},"end":{"line":546,"column":55}},{"start":{"line":546,"column":55},"end":{"line":546,"column":null}}],"line":546},"29":{"loc":{"start":{"line":547,"column":21},"end":{"line":547,"column":null}},"type":"binary-expr","locations":[{"start":{"line":547,"column":21},"end":{"line":547,"column":46}},{"start":{"line":547,"column":46},"end":{"line":547,"column":null}}],"line":547},"30":{"loc":{"start":{"line":548,"column":22},"end":{"line":548,"column":null}},"type":"binary-expr","locations":[{"start":{"line":548,"column":22},"end":{"line":548,"column":48}},{"start":{"line":548,"column":48},"end":{"line":548,"column":null}}],"line":548},"31":{"loc":{"start":{"line":549,"column":25},"end":{"line":549,"column":null}},"type":"binary-expr","locations":[{"start":{"line":549,"column":25},"end":{"line":549,"column":55}},{"start":{"line":549,"column":55},"end":{"line":549,"column":null}}],"line":549},"32":{"loc":{"start":{"line":552,"column":12},"end":{"line":552,"column":null}},"type":"binary-expr","locations":[{"start":{"line":552,"column":12},"end":{"line":552,"column":30}},{"start":{"line":552,"column":30},"end":{"line":552,"column":null}}],"line":552},"33":{"loc":{"start":{"line":553,"column":18},"end":{"line":553,"column":null}},"type":"binary-expr","locations":[{"start":{"line":553,"column":18},"end":{"line":553,"column":41}},{"start":{"line":553,"column":41},"end":{"line":553,"column":null}}],"line":553},"34":{"loc":{"start":{"line":558,"column":2},"end":{"line":560,"column":null}},"type":"if","locations":[{"start":{"line":558,"column":2},"end":{"line":560,"column":null}},{"start":{},"end":{}}],"line":558},"35":{"loc":{"start":{"line":558,"column":6},"end":{"line":558,"column":58}},"type":"binary-expr","locations":[{"start":{"line":558,"column":6},"end":{"line":558,"column":15}},{"start":{"line":558,"column":15},"end":{"line":558,"column":58}}],"line":558},"36":{"loc":{"start":{"line":583,"column":2},"end":{"line":593,"column":null}},"type":"if","locations":[{"start":{"line":583,"column":2},"end":{"line":593,"column":null}},{"start":{},"end":{}}],"line":583},"37":{"loc":{"start":{"line":603,"column":2},"end":{"line":610,"column":null}},"type":"if","locations":[{"start":{"line":603,"column":2},"end":{"line":610,"column":null}},{"start":{},"end":{}}],"line":603},"38":{"loc":{"start":{"line":614,"column":2},"end":{"line":625,"column":null}},"type":"if","locations":[{"start":{"line":614,"column":2},"end":{"line":625,"column":null}},{"start":{},"end":{}}],"line":614},"39":{"loc":{"start":{"line":628,"column":15},"end":{"line":628,"column":null}},"type":"binary-expr","locations":[{"start":{"line":628,"column":15},"end":{"line":628,"column":31}},{"start":{"line":628,"column":31},"end":{"line":628,"column":null}}],"line":628},"40":{"loc":{"start":{"line":637,"column":20},"end":{"line":637,"column":32}},"type":"binary-expr","locations":[{"start":{"line":637,"column":20},"end":{"line":637,"column":28}},{"start":{"line":637,"column":28},"end":{"line":637,"column":32}}],"line":637},"41":{"loc":{"start":{"line":639,"column":28},"end":{"line":639,"column":51}},"type":"binary-expr","locations":[{"start":{"line":639,"column":28},"end":{"line":639,"column":46}},{"start":{"line":639,"column":46},"end":{"line":639,"column":51}}],"line":639},"42":{"loc":{"start":{"line":641,"column":32},"end":{"line":641,"column":null}},"type":"binary-expr","locations":[{"start":{"line":641,"column":32},"end":{"line":641,"column":50}},{"start":{"line":641,"column":50},"end":{"line":641,"column":null}}],"line":641},"43":{"loc":{"start":{"line":643,"column":34},"end":{"line":643,"column":57}},"type":"binary-expr","locations":[{"start":{"line":643,"column":34},"end":{"line":643,"column":52}},{"start":{"line":643,"column":52},"end":{"line":643,"column":57}}],"line":643},"44":{"loc":{"start":{"line":645,"column":3},"end":{"line":645,"column":null}},"type":"if","locations":[{"start":{"line":645,"column":3},"end":{"line":645,"column":null}},{"start":{},"end":{}}],"line":645},"45":{"loc":{"start":{"line":646,"column":3},"end":{"line":646,"column":null}},"type":"if","locations":[{"start":{"line":646,"column":3},"end":{"line":646,"column":null}},{"start":{},"end":{}}],"line":646},"46":{"loc":{"start":{"line":647,"column":3},"end":{"line":647,"column":null}},"type":"if","locations":[{"start":{"line":647,"column":3},"end":{"line":647,"column":null}},{"start":{},"end":{}}],"line":647},"47":{"loc":{"start":{"line":657,"column":16},"end":{"line":659,"column":null}},"type":"cond-expr","locations":[{"start":{"line":658,"column":6},"end":{"line":658,"column":null}},{"start":{"line":659,"column":6},"end":{"line":659,"column":null}}],"line":657},"48":{"loc":{"start":{"line":684,"column":1},"end":{"line":684,"column":null}},"type":"default-arg","locations":[{"start":{"line":684,"column":16},"end":{"line":684,"column":null}}],"line":684},"49":{"loc":{"start":{"line":699,"column":2},"end":{"line":699,"column":null}},"type":"if","locations":[{"start":{"line":699,"column":2},"end":{"line":699,"column":null}},{"start":{},"end":{}}],"line":699},"50":{"loc":{"start":{"line":706,"column":2},"end":{"line":709,"column":null}},"type":"if","locations":[{"start":{"line":706,"column":2},"end":{"line":709,"column":null}},{"start":{},"end":{}}],"line":706},"51":{"loc":{"start":{"line":711,"column":10},"end":{"line":711,"column":22}},"type":"binary-expr","locations":[{"start":{"line":711,"column":10},"end":{"line":711,"column":18}},{"start":{"line":711,"column":18},"end":{"line":711,"column":22}}],"line":711},"52":{"loc":{"start":{"line":732,"column":1},"end":{"line":732,"column":null}},"type":"default-arg","locations":[{"start":{"line":732,"column":16},"end":{"line":732,"column":null}}],"line":732},"53":{"loc":{"start":{"line":743,"column":2},"end":{"line":743,"column":null}},"type":"if","locations":[{"start":{"line":743,"column":2},"end":{"line":743,"column":null}},{"start":{},"end":{}}],"line":743},"54":{"loc":{"start":{"line":756,"column":2},"end":{"line":759,"column":null}},"type":"if","locations":[{"start":{"line":756,"column":2},"end":{"line":759,"column":null}},{"start":{},"end":{}}],"line":756},"55":{"loc":{"start":{"line":767,"column":20},"end":{"line":767,"column":32}},"type":"binary-expr","locations":[{"start":{"line":767,"column":20},"end":{"line":767,"column":28}},{"start":{"line":767,"column":28},"end":{"line":767,"column":32}}],"line":767},"56":{"loc":{"start":{"line":770,"column":20},"end":{"line":774,"column":null}},"type":"binary-expr","locations":[{"start":{"line":770,"column":20},"end":{"line":770,"column":42}},{"start":{"line":770,"column":42},"end":{"line":774,"column":null}}],"line":770},"57":{"loc":{"start":{"line":776,"column":30},"end":{"line":776,"column":null}},"type":"binary-expr","locations":[{"start":{"line":776,"column":30},"end":{"line":776,"column":48}},{"start":{"line":776,"column":48},"end":{"line":776,"column":null}}],"line":776},"58":{"loc":{"start":{"line":777,"column":27},"end":{"line":777,"column":null}},"type":"binary-expr","locations":[{"start":{"line":777,"column":27},"end":{"line":777,"column":47}},{"start":{"line":777,"column":47},"end":{"line":777,"column":null}}],"line":777},"59":{"loc":{"start":{"line":798,"column":1},"end":{"line":798,"column":null}},"type":"default-arg","locations":[{"start":{"line":798,"column":16},"end":{"line":798,"column":null}}],"line":798},"60":{"loc":{"start":{"line":809,"column":2},"end":{"line":809,"column":null}},"type":"if","locations":[{"start":{"line":809,"column":2},"end":{"line":809,"column":null}},{"start":{},"end":{}}],"line":809},"61":{"loc":{"start":{"line":822,"column":2},"end":{"line":825,"column":null}},"type":"if","locations":[{"start":{"line":822,"column":2},"end":{"line":825,"column":null}},{"start":{},"end":{}}],"line":822},"62":{"loc":{"start":{"line":833,"column":20},"end":{"line":833,"column":32}},"type":"binary-expr","locations":[{"start":{"line":833,"column":20},"end":{"line":833,"column":28}},{"start":{"line":833,"column":28},"end":{"line":833,"column":32}}],"line":833},"63":{"loc":{"start":{"line":835,"column":3},"end":{"line":835,"column":null}},"type":"if","locations":[{"start":{"line":835,"column":3},"end":{"line":835,"column":null}},{"start":{},"end":{}}],"line":835},"64":{"loc":{"start":{"line":838,"column":21},"end":{"line":842,"column":null}},"type":"binary-expr","locations":[{"start":{"line":838,"column":21},"end":{"line":838,"column":42}},{"start":{"line":838,"column":42},"end":{"line":842,"column":null}}],"line":838},"65":{"loc":{"start":{"line":845,"column":29},"end":{"line":845,"column":null}},"type":"binary-expr","locations":[{"start":{"line":845,"column":29},"end":{"line":845,"column":47}},{"start":{"line":845,"column":47},"end":{"line":845,"column":null}}],"line":845},"66":{"loc":{"start":{"line":846,"column":4},"end":{"line":846,"column":null}},"type":"if","locations":[{"start":{"line":846,"column":4},"end":{"line":846,"column":null}},{"start":{},"end":{}}],"line":846},"67":{"loc":{"start":{"line":871,"column":1},"end":{"line":871,"column":null}},"type":"default-arg","locations":[{"start":{"line":871,"column":16},"end":{"line":871,"column":null}}],"line":871},"68":{"loc":{"start":{"line":882,"column":2},"end":{"line":889,"column":null}},"type":"if","locations":[{"start":{"line":882,"column":2},"end":{"line":889,"column":null}},{"start":{},"end":{}}],"line":882},"69":{"loc":{"start":{"line":902,"column":2},"end":{"line":912,"column":null}},"type":"if","locations":[{"start":{"line":902,"column":2},"end":{"line":912,"column":null}},{"start":{},"end":{}}],"line":902},"70":{"loc":{"start":{"line":915,"column":19},"end":{"line":915,"column":null}},"type":"binary-expr","locations":[{"start":{"line":915,"column":19},"end":{"line":915,"column":35}},{"start":{"line":915,"column":35},"end":{"line":915,"column":null}}],"line":915},"71":{"loc":{"start":{"line":922,"column":20},"end":{"line":922,"column":32}},"type":"binary-expr","locations":[{"start":{"line":922,"column":20},"end":{"line":922,"column":28}},{"start":{"line":922,"column":28},"end":{"line":922,"column":32}}],"line":922},"72":{"loc":{"start":{"line":923,"column":3},"end":{"line":936,"column":null}},"type":"switch","locations":[{"start":{"line":924,"column":4},"end":{"line":926,"column":null}},{"start":{"line":927,"column":4},"end":{"line":929,"column":null}},{"start":{"line":930,"column":4},"end":{"line":932,"column":null}},{"start":{"line":933,"column":4},"end":{"line":935,"column":null}}],"line":923},"73":{"loc":{"start":{"line":945,"column":4},"end":{"line":945,"column":null}},"type":"cond-expr","locations":[{"start":{"line":945,"column":23},"end":{"line":945,"column":74}},{"start":{"line":945,"column":74},"end":{"line":945,"column":null}}],"line":945},"74":{"loc":{"start":{"line":965,"column":1},"end":{"line":965,"column":null}},"type":"default-arg","locations":[{"start":{"line":965,"column":17},"end":{"line":965,"column":null}}],"line":965},"75":{"loc":{"start":{"line":978,"column":2},"end":{"line":978,"column":null}},"type":"if","locations":[{"start":{"line":978,"column":2},"end":{"line":978,"column":null}},{"start":{},"end":{}}],"line":978},"76":{"loc":{"start":{"line":988,"column":2},"end":{"line":991,"column":null}},"type":"if","locations":[{"start":{"line":988,"column":2},"end":{"line":991,"column":null}},{"start":{},"end":{}}],"line":988},"77":{"loc":{"start":{"line":993,"column":10},"end":{"line":993,"column":22}},"type":"binary-expr","locations":[{"start":{"line":993,"column":10},"end":{"line":993,"column":18}},{"start":{"line":993,"column":18},"end":{"line":993,"column":22}}],"line":993},"78":{"loc":{"start":{"line":997,"column":17},"end":{"line":997,"column":null}},"type":"binary-expr","locations":[{"start":{"line":997,"column":17},"end":{"line":997,"column":38}},{"start":{"line":997,"column":38},"end":{"line":997,"column":null}}],"line":997}},"s":{"0":2,"1":27,"2":27,"3":179,"4":26,"5":26,"6":27,"7":27,"8":27,"9":0,"10":0,"11":0,"12":0,"13":0,"14":0,"15":0,"16":0,"17":0,"18":0,"19":0,"20":0,"21":0,"22":0,"23":0,"24":0,"25":0,"26":0,"27":0,"28":0,"29":0,"30":0,"31":0,"32":0,"33":0,"34":0,"35":0,"36":0,"37":0,"38":0,"39":0,"40":0,"41":2,"42":18,"43":18,"44":0,"45":0,"46":0,"47":0,"48":0,"49":0,"50":0,"51":0,"52":0,"53":0,"54":0,"55":0,"56":0,"57":0,"58":0,"59":0,"60":0,"61":0,"62":0,"63":0,"64":0,"65":0,"66":0,"67":0,"68":0,"69":0,"70":0,"71":0,"72":0,"73":0,"74":0,"75":0,"76":0,"77":0,"78":0,"79":0,"80":0,"81":0,"82":0,"83":0,"84":0,"85":0,"86":0,"87":0,"88":0,"89":0,"90":0,"91":0,"92":0,"93":0,"94":0,"95":0,"96":0,"97":0,"98":0,"99":0,"100":0,"101":0,"102":0,"103":0,"104":0,"105":0,"106":0,"107":0,"108":0,"109":0,"110":0,"111":0,"112":0,"113":0,"114":0,"115":0,"116":0,"117":0,"118":0,"119":0,"120":0,"121":0,"122":0,"123":0,"124":0,"125":0,"126":0,"127":0,"128":0,"129":0,"130":0,"131":0,"132":0,"133":0,"134":0,"135":0,"136":0,"137":0,"138":0,"139":0,"140":0,"141":0,"142":0,"143":0,"144":0,"145":0,"146":0,"147":0,"148":0,"149":0,"150":0,"151":0,"152":0,"153":0,"154":0,"155":0,"156":0,"157":0,"158":0,"159":0,"160":0,"161":0,"162":0,"163":0,"164":0,"165":0,"166":0,"167":0,"168":0,"169":0,"170":0,"171":0,"172":0,"173":0,"174":0,"175":0,"176":0,"177":0,"178":0,"179":0,"180":0,"181":0,"182":0,"183":0,"184":0,"185":0,"186":0},"f":{"0":27,"1":0,"2":0,"3":0,"4":0,"5":0,"6":0,"7":0,"8":0,"9":0,"10":18,"11":0,"12":0,"13":0,"14":0,"15":0,"16":0,"17":0,"18":0,"19":0,"20":0,"21":0,"22":0,"23":0},"b":{"0":[26,153],"1":[179,178],"2":[0,0],"3":[0,0],"4":[0,0],"5":[0,0],"6":[0,0],"7":[0,0],"8":[0,0],"9":[0,0],"10":[0,0],"11":[0,0],"12":[0,0,0,0],"13":[0,0,0,0],"14":[0,0],"15":[0,0],"16":[0,0],"17":[0,0],"18":[0,0],"19":[0,0],"20":[0,0],"21":[0,0],"22":[0,0],"23":[0,0],"24":[0,0],"25":[0,0],"26":[0,0],"27":[0,0],"28":[0,0],"29":[0,0],"30":[0,0],"31":[0,0],"32":[0,0],"33":[0,0],"34":[0,0],"35":[0,0],"36":[0,0],"37":[0,0],"38":[0,0],"39":[0,0],"40":[0,0],"41":[0,0],"42":[0,0],"43":[0,0],"44":[0,0],"45":[0,0],"46":[0,0],"47":[0,0],"48":[0],"49":[0,0],"50":[0,0],"51":[0,0],"52":[0],"53":[0,0],"54":[0,0],"55":[0,0],"56":[0,0],"57":[0,0],"58":[0,0],"59":[0],"60":[0,0],"61":[0,0],"62":[0,0],"63":[0,0],"64":[0,0],"65":[0,0],"66":[0,0],"67":[0],"68":[0,0],"69":[0,0],"70":[0,0],"71":[0,0],"72":[0,0,0,0],"73":[0,0],"74":[0],"75":[0,0],"76":[0,0],"77":[0,0],"78":[0,0]},"meta":{"lastBranch":79,"lastFunction":24,"lastStatement":187,"seen":{"s:143:4:169:Infinity":0,"f:174:16:174:Infinity":0,"s:180:13:180:Infinity":1,"s:182:1:187:Infinity":2,"b:183:2:186:Infinity:undefined:undefined:undefined:undefined":0,"s:183:2:186:Infinity":3,"b:183:6:183:36:183:36:183:80":1,"s:184:3:184:Infinity":4,"s:185:3:185:Infinity":5,"s:190:20:190:Infinity":6,"s:191:21:191:Infinity":7,"s:193:1:193:Infinity":8,"f:203:15:203:36":1,"s:204:1:238:Infinity":9,"s:205:19:205:Infinity":10,"b:206:2:206:Infinity:undefined:undefined:undefined:undefined":2,"s:206:2:206:Infinity":11,"s:206:17:206:Infinity":12,"s:208:20:212:Infinity":13,"s:214:20:230:Infinity":14,"b:215:13:215:31:215:20:215:Infinity":3,"b:219:13:219:32:219:32:219:Infinity":4,"b:224:12:224:30:224:30:224:Infinity":5,"b:225:13:225:31:225:31:225:Infinity":6,"b:226:17:226:39:226:39:226:Infinity":7,"b:227:20:227:45:227:45:227:Infinity":8,"b:228:18:228:41:228:41:228:Infinity":9,"b:232:2:234:Infinity:undefined:undefined:undefined:undefined":10,"s:232:2:234:Infinity":15,"s:233:3:233:Infinity":16,"s:237:2:237:Infinity":17,"f:244:22:244:35":2,"s:245:1:245:Infinity":18,"f:256:16:256:28":3,"s:257:19:257:Infinity":19,"s:258:17:258:Infinity":20,"b:258:17:258:36:258:25:258:Infinity":11,"s:260:1:325:Infinity":21,"f:266:11:266:Infinity":4,"s:270:21:270:Infinity":22,"s:274:4:277:Infinity":23,"b:274:4:274:Infinity:275:4:275:Infinity:276:4:276:Infinity:277:4:277:Infinity":12,"s:279:4:282:Infinity":24,"b:279:4:279:Infinity:280:4:280:Infinity:281:4:281:Infinity:282:4:282:Infinity":13,"s:284:3:298:Infinity":25,"f:304:9:304:16":5,"s:305:21:305:Infinity":26,"s:307:4:307:Infinity":27,"b:307:29:307:45:307:45:307:Infinity":14,"s:309:3:323:Infinity":28,"f:339:22:339:Infinity":6,"s:344:17:344:Infinity":29,"s:346:1:361:Infinity":30,"s:347:17:347:Infinity":31,"b:350:2:355:Infinity:352:9:355:Infinity":15,"s:350:2:355:Infinity":32,"s:351:3:351:Infinity":33,"s:354:3:354:Infinity":34,"s:357:2:357:Infinity":35,"s:359:2:359:Infinity":36,"s:360:2:360:Infinity":37,"f:371:22:371:Infinity":7,"s:378:1:386:Infinity":38,"f:392:22:392:Infinity":8,"s:399:1:407:Infinity":39,"f:413:22:413:Infinity":9,"s:420:1:428:Infinity":40,"b:424:15:424:41:424:41:424:Infinity":16,"b:425:16:425:46:425:46:425:Infinity":17,"s:459:23:466:Infinity":41,"f:471:16:471:37":10,"s:475:17:475:Infinity":42,"s:476:1:479:Infinity":43,"f:486:22:486:39":11,"s:487:1:523:Infinity":44,"s:488:19:488:Infinity":45,"b:489:2:489:Infinity:undefined:undefined:undefined:undefined":18,"s:489:2:489:Infinity":46,"s:489:17:489:Infinity":47,"s:491:26:491:Infinity":48,"s:492:16:492:Infinity":49,"s:495:20:513:Infinity":50,"b:496:13:496:31:496:20:496:Infinity":19,"b:501:17:501:42:501:42:501:Infinity":20,"b:502:18:502:44:502:44:502:Infinity":21,"b:505:12:505:30:505:30:505:Infinity":22,"b:509:18:509:41:509:41:509:Infinity":23,"b:515:2:517:Infinity:undefined:undefined:undefined:undefined":24,"s:515:2:517:Infinity":51,"s:516:3:516:Infinity":52,"s:520:2:520:Infinity":53,"s:522:2:522:Infinity":54,"f:529:15:529:Infinity":12,"s:533:1:563:Infinity":55,"s:534:19:534:Infinity":56,"b:535:2:535:Infinity:undefined:undefined:undefined:undefined":25,"s:535:2:535:Infinity":57,"s:535:17:535:Infinity":58,"s:538:20:555:Infinity":59,"b:539:7:539:25:539:14:539:Infinity":26,"b:542:16:542:37:542:37:542:Infinity":27,"b:546:25:546:55:546:55:546:Infinity":28,"b:547:21:547:46:547:46:547:Infinity":29,"b:548:22:548:48:548:48:548:Infinity":30,"b:549:25:549:55:549:55:549:Infinity":31,"b:552:12:552:30:552:30:552:Infinity":32,"b:553:18:553:41:553:41:553:Infinity":33,"b:558:2:560:Infinity:undefined:undefined:undefined:undefined":34,"s:558:2:560:Infinity":60,"b:558:6:558:15:558:15:558:58":35,"s:559:3:559:Infinity":61,"f:569:22:569:Infinity":13,"s:581:1:672:Infinity":62,"s:582:19:582:Infinity":63,"b:583:2:593:Infinity:undefined:undefined:undefined:undefined":36,"s:583:2:593:Infinity":64,"s:584:3:592:Infinity":65,"s:596:14:600:Infinity":66,"b:603:2:610:Infinity:undefined:undefined:undefined:undefined":37,"s:603:2:610:Infinity":67,"s:604:25:604:Infinity":68,"s:605:21:605:Infinity":69,"s:606:19:606:Infinity":70,"s:607:3:609:Infinity":71,"s:612:26:612:Infinity":72,"b:614:2:625:Infinity:undefined:undefined:undefined:undefined":38,"s:614:2:625:Infinity":73,"s:615:3:615:Infinity":74,"s:616:3:624:Infinity":75,"s:627:18:635:Infinity":76,"b:628:15:628:31:628:31:628:Infinity":39,"s:637:2:648:Infinity":77,"b:637:20:637:28:637:28:637:32":40,"s:639:9:639:Infinity":78,"b:639:28:639:46:639:46:639:51":41,"s:640:3:640:Infinity":79,"s:641:3:641:Infinity":80,"b:641:32:641:50:641:50:641:Infinity":42,"s:643:3:643:Infinity":81,"b:643:34:643:52:643:52:643:57":43,"b:645:3:645:Infinity:undefined:undefined:undefined:undefined":44,"s:645:3:645:Infinity":82,"s:645:41:645:Infinity":83,"b:646:3:646:Infinity:undefined:undefined:undefined:undefined":45,"s:646:3:646:Infinity":84,"s:646:42:646:Infinity":85,"b:647:3:647:Infinity:undefined:undefined:undefined:undefined":46,"s:647:3:647:Infinity":86,"s:647:20:647:Infinity":87,"s:650:2:660:Infinity":88,"b:658:6:658:Infinity:659:6:659:Infinity":47,"s:662:2:662:Infinity":89,"s:663:2:671:Infinity":90,"f:682:22:682:Infinity":14,"b:684:16:684:Infinity":48,"s:697:1:724:Infinity":91,"s:698:19:698:Infinity":92,"b:699:2:699:Infinity:undefined:undefined:undefined:undefined":49,"s:699:2:699:Infinity":93,"s:699:17:699:Infinity":94,"s:701:26:704:Infinity":95,"b:706:2:709:Infinity:undefined:undefined:undefined:undefined":50,"s:706:2:709:Infinity":96,"s:707:3:707:Infinity":97,"s:708:3:708:Infinity":98,"s:711:2:720:Infinity":99,"b:711:10:711:18:711:18:711:22":51,"f:711:26:711:27":15,"s:711:61:720:4":100,"s:722:2:722:Infinity":101,"s:723:2:723:Infinity":102,"f:730:22:730:Infinity":16,"b:732:16:732:Infinity":52,"s:741:1:790:Infinity":103,"s:742:19:742:Infinity":104,"b:743:2:743:Infinity:undefined:undefined:undefined:undefined":53,"s:743:2:743:Infinity":105,"s:743:17:743:Infinity":106,"s:745:17:747:Infinity":107,"s:749:26:754:Infinity":108,"b:756:2:759:Infinity:undefined:undefined:undefined:undefined":54,"s:756:2:759:Infinity":109,"s:757:3:757:Infinity":110,"s:758:3:758:Infinity":111,"s:762:19:765:Infinity":112,"s:767:2:781:Infinity":113,"b:767:20:767:28:767:28:767:32":55,"s:768:16:768:Infinity":114,"s:770:20:774:Infinity":115,"b:770:20:770:42:770:42:774:Infinity":56,"s:776:3:776:Infinity":116,"b:776:30:776:48:776:48:776:Infinity":57,"s:777:3:777:Infinity":117,"b:777:27:777:47:777:47:777:Infinity":58,"s:778:3:778:Infinity":118,"s:780:3:780:Infinity":119,"s:783:2:786:Infinity":120,"f:783:44:783:45":17,"s:783:64:786:4":121,"s:788:2:788:Infinity":122,"s:789:2:789:Infinity":123,"f:796:22:796:Infinity":18,"b:798:16:798:Infinity":59,"s:807:1:863:Infinity":124,"s:808:19:808:Infinity":125,"b:809:2:809:Infinity:undefined:undefined:undefined:undefined":60,"s:809:2:809:Infinity":126,"s:809:17:809:Infinity":127
[...]
},"end":{"line":463,"column":null}},"111":{"start":{"line":463,"column":16},"end":{"line":463,"column":null}},"112":{"start":{"line":465,"column":1},"end":{"line":492,"column":null}},"113":{"start":{"line":467,"column":31},"end":{"line":467,"column":null}},"114":{"start":{"line":468,"column":14},"end":{"line":468,"column":null}},"115":{"start":{"line":469,"column":2},"end":{"line":474,"column":null}},"116":{"start":{"line":469,"column":15},"end":{"line":469,"column":18}},"117":{"start":{"line":470,"column":16},"end":{"line":470,"column":null}},"118":{"start":{"line":471,"column":3},"end":{"line":473,"column":null}},"119":{"start":{"line":477,"column":3},"end":{"line":477,"column":null}},"120":{"start":{"line":479,"column":2},"end":{"line":486,"column":null}},"121":{"start":{"line":480,"column":17},"end":{"line":480,"column":null}},"122":{"start":{"line":481,"column":3},"end":{"line":485,"column":null}},"123":{"start":{"line":488,"column":2},"end":{"line":488,"column":null}},"124":{"start":{"line":490,"column":2},"end":{"line":490,"column":null}},"125":{"start":{"line":491,"column":2},"end":{"line":491,"column":null}},"126":{"start":{"line":500,"column":1},"end":{"line":509,"column":null}},"127":{"start":{"line":516,"column":1},"end":{"line":516,"column":null}},"128":{"start":{"line":516,"column":18},"end":{"line":516,"column":null}},"129":{"start":{"line":518,"column":11},"end":{"line":518,"column":null}},"130":{"start":{"line":519,"column":15},"end":{"line":519,"column":null}},"131":{"start":{"line":520,"column":11},"end":{"line":520,"column":null}},"132":{"start":{"line":522,"column":1},"end":{"line":522,"column":null}}},"fnMap":{"0":{"name":"calculateStorageCost","decl":{"start":{"line":61,"column":16},"end":{"line":61,"column":37}},"loc":{"start":{"line":65,"column":2},"end":{"line":72,"column":null}},"line":65},"1":{"name":"getStorageUsage","decl":{"start":{"line":82,"column":22},"end":{"line":82,"column":38}},"loc":{"start":{"line":82,"column":80},"end":{"line":184,"column":null}},"line":82},"2":{"name":"getStorageUsageFromDatabase","decl":{"start":{"line":190,"column":22},"end":{"line":190,"column":null}},"loc":{"start":{"line":192,"column":25},"end":{"line":283,"column":null}},"line":192},"3":{"name":"(anonymous_3)","decl":{"start":{"line":242,"column":18},"end":{"line":242,"column":19}},"loc":{"start":{"line":242,"column":37},"end":{"line":265,"column":3}},"line":242},"4":{"name":"trackStorageSnapshot","decl":{"start":{"line":293,"column":22},"end":{"line":293,"column":null}},"loc":{"start":{"line":295,"column":35},"end":{"line":349,"column":null}},"line":295},"5":{"name":"getMonthlyStorageUsage","decl":{"start":{"line":355,"column":22},"end":{"line":355,"column":null}},"loc":{"start":{"line":366,"column":3},"end":{"line":447,"column":null}},"line":366},"6":{"name":"getStorageUsageTrend","decl":{"start":{"line":452,"column":22},"end":{"line":452,"column":null}},"loc":{"start":{"line":461,"column":2},"end":{"line":493,"column":null}},"line":461},"7":{"name":"createEmptyUsage","decl":{"start":{"line":499,"column":9},"end":{"line":499,"column":26}},"loc":{"start":{"line":499,"column":59},"end":{"line":510,"column":null}},"line":499},"8":{"name":"formatBytes","decl":{"start":{"line":515,"column":16},"end":{"line":515,"column":28}},"loc":{"start":{"line":515,"column":51},"end":{"line":523,"column":null}},"line":515}},"branchMap":{"0":{"loc":{"start":{"line":84,"column":1},"end":{"line":86,"column":null}},"type":"if","locations":[{"start":{"line":84,"column":1},"end":{"line":86,"column":null}},{"start":{},"end":{}}],"line":84},"1":{"loc":{"start":{"line":106,"column":4},"end":{"line":109,"column":null}},"type":"if","locations":[{"start":{"line":106,"column":4},"end":{"line":109,"column":null}},{"start":{},"end":{}}],"line":106},"2":{"loc":{"start":{"line":111,"column":4},"end":{"line":131,"column":null}},"type":"if","locations":[{"start":{"line":111,"column":4},"end":{"line":131,"column":null}},{"start":{},"end":{}}],"line":111},"3":{"loc":{"start":{"line":111,"column":8},"end":{"line":111,"column":35}},"type":"binary-expr","locations":[{"start":{"line":111,"column":8},"end":{"line":111,"column":17}},{"start":{"line":111,"column":17},"end":{"line":111,"column":35}}],"line":111},"4":{"loc":{"start":{"line":116,"column":6},"end":{"line":119,"column":null}},"type":"if","locations":[{"start":{"line":116,"column":6},"end":{"line":119,"column":null}},{"start":{},"end":{}}],"line":116},"5":{"loc":{"start":{"line":122,"column":5},"end":{"line":130,"column":null}},"type":"if","locations":[{"start":{"line":122,"column":5},"end":{"line":130,"column":null}},{"start":{},"end":{}}],"line":122},"6":{"loc":{"start":{"line":143,"column":3},"end":{"line":163,"column":null}},"type":"if","locations":[{"start":{"line":143,"column":3},"end":{"line":163,"column":null}},{"start":{},"end":{}}],"line":143},"7":{"loc":{"start":{"line":143,"column":7},"end":{"line":143,"column":60}},"type":"binary-expr","locations":[{"start":{"line":143,"column":7},"end":{"line":143,"column":29}},{"start":{"line":143,"column":29},"end":{"line":143,"column":60}}],"line":143},"8":{"loc":{"start":{"line":148,"column":5},"end":{"line":151,"column":null}},"type":"if","locations":[{"start":{"line":148,"column":5},"end":{"line":151,"column":null}},{"start":{},"end":{}}],"line":148},"9":{"loc":{"start":{"line":154,"column":4},"end":{"line":162,"column":null}},"type":"if","locations":[{"start":{"line":154,"column":4},"end":{"line":162,"column":null}},{"start":{},"end":{}}],"line":154},"10":{"loc":{"start":{"line":194,"column":1},"end":{"line":196,"column":null}},"type":"if","locations":[{"start":{"line":194,"column":1},"end":{"line":196,"column":null}},{"start":{},"end":{}}],"line":194},"11":{"loc":{"start":{"line":243,"column":3},"end":{"line":264,"column":null}},"type":"if","locations":[{"start":{"line":243,"column":3},"end":{"line":264,"column":null}},{"start":{},"end":{}}],"line":243},"12":{"loc":{"start":{"line":243,"column":7},"end":{"line":243,"column":59}},"type":"binary-expr","locations":[{"start":{"line":243,"column":7},"end":{"line":243,"column":40}},{"start":{"line":243,"column":40},"end":{"line":243,"column":59}}],"line":243},"13":{"loc":{"start":{"line":249,"column":5},"end":{"line":252,"column":null}},"type":"if","locations":[{"start":{"line":249,"column":5},"end":{"line":252,"column":null}},{"start":{},"end":{}}],"line":249},"14":{"loc":{"start":{"line":255,"column":4},"end":{"line":263,"column":null}},"type":"if","locations":[{"start":{"line":255,"column":4},"end":{"line":263,"column":null}},{"start":{},"end":{}}],"line":255},"15":{"loc":{"start":{"line":297,"column":1},"end":{"line":297,"column":null}},"type":"if","locations":[{"start":{"line":297,"column":1},"end":{"line":297,"column":null}},{"start":{},"end":{}}],"line":297},"16":{"loc":{"start":{"line":307,"column":21},"end":{"line":307,"column":null}},"type":"cond-expr","locations":[{"start":{"line":307,"column":61},"end":{"line":307,"column":69}},{"start":{"line":307,"column":69},"end":{"line":307,"column":null}}],"line":307},"17":{"loc":{"start":{"line":331,"column":2},"end":{"line":334,"column":null}},"type":"if","locations":[{"start":{"line":331,"column":2},"end":{"line":334,"column":null}},{"start":{},"end":{}}],"line":331},"18":{"loc":{"start":{"line":331,"column":6},"end":{"line":331,"column":58}},"type":"binary-expr","locations":[{"start":{"line":331,"column":6},"end":{"line":331,"column":15}},{"start":{"line":331,"column":15},"end":{"line":331,"column":58}}],"line":331},"19":{"loc":{"start":{"line":368,"column":1},"end":{"line":378,"column":null}},"type":"if","locations":[{"start":{"line":368,"column":1},"end":{"line":378,"column":null}},{"start":{},"end":{}}],"line":368},"20":{"loc":{"start":{"line":387,"column":2},"end":{"line":398,"column":null}},"type":"if","locations":[{"start":{"line":387,"column":2},"end":{"line":398,"column":null}},{"start":{},"end":{}}],"line":387},"21":{"loc":{"start":{"line":400,"column":2},"end":{"line":410,"column":null}},"type":"if","locations":[{"start":{"line":400,"column":2},"end":{"line":410,"column":null}},{"start":{},"end":{}}],"line":400},"22":{"loc":{"start":{"line":400,"column":6},"end":{"line":400,"column":34}},"type":"binary-expr","locations":[{"start":{"line":400,"column":6},"end":{"line":400,"column":15}},{"start":{"line":400,"column":15},"end":{"line":400,"column":34}}],"line":400},"23":{"loc":{"start":{"line":417,"column":17},"end":{"line":417,"column":null}},"type":"binary-expr","locations":[{"start":{"line":417,"column":17},"end":{"line":417,"column":41}},{"start":{"line":417,"column":41},"end":{"line":417,"column":null}}],"line":417},"24":{"loc":{"start":{"line":418,"column":3},"end":{"line":418,"column":null}},"type":"if","locations":[{"start":{"line":418,"column":3},"end":{"line":418,"column":null}},{"start":{},"end":{}}],"line":418},"25":{"loc":{"start":{"line":454,"column":1},"end":{"line":454,"column":null}},"type":"default-arg","locations":[{"start":{"line":454,"column":18},"end":{"line":454,"column":null}}],"line":454},"26":{"loc":{"start":{"line":463,"column":1},"end":{"line":463,"column":null}},"type":"if","locations":[{"start":{"line":463,"column":1},"end":{"line":463,"column":null}},{"start":{},"end":{}}],"line":463},"27":{"loc":{"start":{"line":516,"column":1},"end":{"line":516,"column":null}},"type":"if","locations":[{"start":{"line":516,"column":1},"end":{"line":516,"column":null}},{"start":{},"end":{}}],"line":516}},"s":{"0":16,"1":16,"2":0,"3":0,"4":0,"5":0,"6":0,"7":0,"8":0,"9":0,"10":0,"11":0,"12":0,"13":0,"14":0,"15":0,"16":0,"17":0,"18":0,"19":0,"20":0,"21":0,"22":0,"23":0,"24":0,"25":0,"26":0,"27":0,"28":0,"29":0,"30":0,"31":0,"32":0,"33":0,"34":0,"35":0,"36":0,"37":0,"38":0,"39":0,"40":0,"41":0,"42":0,"43":0,"44":0,"45":0,"46":0,"47":0,"48":0,"49":0,"50":0,"51":0,"52":0,"53":0,"54":0,"55":0,"56":0,"57":0,"58":0,"59":0,"60":0,"61":0,"62":0,"63":0,"64":0,"65":0,"66":0,"67":0,"68":0,"69":0,"70":0,"71":0,"72":0,"73":0,"74":0,"75":0,"76":0,"77":0,"78":0,"79":0,"80":0,"81":0,"82":0,"83":0,"84":0,"85":0,"86":0,"87":0,"88":0,"89":0,"90":0,"91":0,"92":0,"93":0,"94":0,"95":0,"96":0,"97":0,"98":0,"99":0,"100":0,"101":0,"102":0,"103":0,"104":0,"105":0,"106":0,"107":0,"108":0,"109":0,"110":0,"111":0,"112":0,"113":0,"114":0,"115":0,"116":0,"117":0,"118":0,"119":0,"120":0,"121":0,"122":0,"123":0,"124":0,"125":0,"126":0,"127":10,"128":1,"129":9,"130":9,"131":9,"132":9},"f":{"0":16,"1":0,"2":0,"3":0,"4":0,"5":0,"6":0,"7":0,"8":10},"b":{"0":[0,0],"1":[0,0],"2":[0,0],"3":[0,0],"4":[0,0],"5":[0,0],"6":[0,0],"7":[0,0],"8":[0,0],"9":[0,0],"10":[0,0],"11":[0,0],"12":[0,0],"13":[0,0],"14":[0,0],"15":[0,0],"16":[0,0],"17":[0,0],"18":[0,0],"19":[0,0],"20":[0,0],"21":[0,0],"22":[0,0],"23":[0,0],"24":[0,0],"25":[0],"26":[0,0],"27":[1,9]},"meta":{"lastBranch":28,"lastFunction":9,"lastStatement":133,"seen":{"f:61:16:61:37":0,"s:66:12:66:Infinity":0,"s:67:1:71:Infinity":1,"f:82:22:82:38":1,"s:83:18:83:Infinity":2,"b:84:1:86:Infinity:undefined:undefined:undefined:undefined":0,"s:84:1:86:Infinity":3,"s:85:2:85:Infinity":4,"s:88:1:183:Infinity":5,"s:91:18:91:Infinity":6,"s:92:41:92:Infinity":7,"s:93:19:93:Infinity":8,"s:94:23:94:Infinity":9,"s:96:2:135:Infinity":10,"s:97:3:134:Infinity":11,"s:99:35:104:Infinity":12,"b:106:4:109:Infinity:undefined:undefined:undefined:undefined":1,"s:106:4:109:Infinity":13,"s:108:5:108:Infinity":14,"b:111:4:131:Infinity:undefined:undefined:undefined:undefined":2,"s:111:4:131:Infinity":15,"b:111:8:111:17:111:17:111:35":3,"s:112:23:112:Infinity":16,"s:113:27:113:Infinity":17,"s:115:5:120:Infinity":18,"b:116:6:119:Infinity:undefined:undefined:undefined:undefined":4,"s:116:6:119:Infinity":19,"s:117:7:117:Infinity":20,"s:118:7:118:Infinity":21,"b:122:5:130:Infinity:undefined:undefined:undefined:undefined":5,"s:122:5:130:Infinity":22,"s:123:6:127:Infinity":23,"s:128:6:128:Infinity":24,"s:129:6:129:Infinity":25,"s:138:2:166:Infinity":26,"s:139:40:141:Infinity":27,"b:143:3:163:Infinity:undefined:undefined:undefined:undefined":6,"s:143:3:163:Infinity":28,"b:143:7:143:29:143:29:143:60":7,"s:144:22:144:Infinity":29,"s:145:26:145:Infinity":30,"s:147:4:152:Infinity":31,"b:148:5:151:Infinity:undefined:undefined:undefined:undefined":8,"s:148:5:151:Infinity":32,"s:149:6:149:Infinity":33,"s:150:6:150:Infinity":34,"b:154:4:162:Infinity:undefined:undefined:undefined:undefined":9,"s:154:4:162:Infinity":35,"s:155:5:159:Infinity":36,"s:160:5:160:Infinity":37,"s:161:5:161:Infinity":38,"s:168:16:168:Infinity":39,"s:170:2:179:Infinity":40,"s:181:2:181:Infinity":41,"s:182:2:182:Infinity":42,"f:190:22:190:Infinity":2,"s:193:18:193:Infinity":43,"b:194:1:196:Infinity:undefined:undefined:undefined:undefined":10,"s:194:1:196:Infinity":44,"s:195:2:195:Infinity":45,"s:198:1:282:Infinity":46,"s:200:28:226:Infinity":47,"s:228:19:228:Infinity":48,"s:229:23:229:Infinity":49,"s:230:41:230:Infinity":50,"s:232:18:232:Infinity":51,"s:234:21:240:Infinity":52,"s:242:2:265:Infinity":53,"f:242:18:242:19":3,"b:243:3:264:Infinity:undefined:undefined:undefined:undefined":11,"s:243:3:264:Infinity":54,"b:243:7:243:40:243:40:243:59":12,"s:244:18:244:Infinity":55,"s:245:21:245:Infinity":56,"s:246:25:246:Infinity":57,"s:248:4:253:Infinity":58,"b:249:5:252:Infinity:undefined:undefined:undefined:undefined":13,"s:249:5:252:Infinity":59,"s:250:6:250:Infinity":60,"s:251:6:251:Infinity":61,"b:255:4:263:Infinity:undefined:undefined:undefined:undefined":14,"s:255:4:263:Infinity":62,"s:256:5:260:Infinity":63,"s:261:5:261:Infinity":64,"s:262:5:262:Infinity":65,"s:267:16:267:Infinity":66,"s:269:2:278:Infinity":67,"s:280:2:280:Infinity":68,"s:281:2:281:Infinity":69,"f:293:22:293:Infinity":4,"s:296:18:296:Infinity":70,"b:297:1:297:Infinity:undefined:undefined:undefined:undefined":15,"s:297:1:297:Infinity":71,"s:297:16:297:Infinity":72,"s:299:1:348:Infinity":73,"s:301:16:301:Infinity":74,"s:304:18:304:Infinity":75,"s:307:21:307:Infinity":76,"b:307:61:307:69:307:69:307:Infinity":16,"s:309:14:309:Infinity":77,"s:310:20:310:Infinity":78,"s:311:23:311:Infinity":79,"s:314:20:329:Infinity":80,"b:331:2:334:Infinity:undefined:undefined:undefined:undefined":17,"s:331:2:334:Infinity":81,"b:331:6:331:15:331:15:331:58":18,"s:332:3:332:Infinity":82,"s:333:3:333:Infinity":83,"s:336:2:344:Infinity":84,"s:346:2:346:Infinity":85,"s:347:2:347:Infinity":86,"f:355:22:355:Infinity":5,"s:367:18:367:Infinity":87,"b:368:1:378:Infinity:undefined:undefined:undefined:undefined":19,"s:368:1:378:Infinity":88,"s:369:2:377:Infinity":89,"s:380:1:446:Infinity":90,"s:381:26:385:Infinity":91,"b:387:2:398:Infinity:undefined:undefined:undefined:undefined":20,"s:387:2:398:Infinity":92,"s:388:3:388:Infinity":93,"s:389:3:397:Infinity":94,"b:400:2:410:Infinity:undefined:undefined:undefined:undefined":21,"s:400:2:410:Infinity":95,"b:400:6:400:15:400:15:400:34":22,"s:401:3:409:Infinity":96,"s:413:18:413:Infinity":97,"s:414:19:414:Infinity":98,"s:416:2:420:Infinity":99,"s:417:17:417:Infinity":100,"b:417:17:417:41:417:41:417:Infinity":23,"b:418:3:418:Infinity:undefined:undefined:undefined:undefined":24,"s:418:3:418:Infinity":101,"s:418:26:418:Infinity":102,"s:419:3:419:Infinity":103,"s:422:19:422:Infinity":104,"s:423:20:423:Infinity":105,"s:426:2:434:Infinity":106,"s:436:2:436:Infinity":107,"s:437:2:445:Infinity":108,"f:452:22:452:Infinity":6,"b:454:18:454:Infinity":25,"s:462:18:462:Infinity":109,"b:463:1:463:Infinity:undefined:undefined:undefined:undefined":26,"s:463:1:463:Infinity":110,"s:463:16:463:Infinity":111,"s:465:1:492:Infinity":112,"s:467:31:467:Infinity":113,"s:468:14:468:Infinity":114,"s:469:2:474:Infinity":115,"s:469:15:469:18":116,"s:470:16:470:Infinity":117,"s:471:3:473:Infinity":118,"s:477:3:477:Infinity":119,"s:479:2:486:Infinity":120,"s:480:17:480:Infinity":121,"s:481:3:485:Infinity":122,"s:488:2:488:Infinity":123,"s:490:2:490:Infinity":124,"s:491:2:491:Infinity":125,"f:499:9:499:26":7,"s:500:1:509:Infinity":126,"f:515:16:515:28":8,"b:516:1:516:Infinity:undefined:undefined:undefined:undefined":27,"s:516:1:516:Infinity":127,"s:516:18:516:Infinity":128,"s:518:11:518:Infinity":129,"s:519:15:519:Infinity":130,"s:520:11:520:Infinity":131,"s:522:1:522:Infinity":132}}}
,"/Users/byronwade/Stratos/apps/web/src/lib/analytics/types.ts": {"path":"/Users/byronwade/Stratos/apps/web/src/lib/analytics/types.ts","statementMap":{},"fnMap":{},"branchMap":{},"s":{},"f":{},"b":{},"meta":{"lastBranch":0,"lastFunction":0,"lastStatement":0,"seen":{}}}
,"/Users/byronwade/Stratos/apps/web/src/lib/billing/pricing.ts": {"path":"/Users/byronwade/Stratos/apps/web/src/lib/billing/pricing.ts","statementMap":{"0":{"start":{"line":21,"column":30},"end":{"line":21,"column":null}},"1":{"start":{"line":26,"column":33},"end":{"line":26,"column":null}},"2":{"start":{"line":33,"column":29},"end":{"line":38,"column":null}},"3":{"start":{"line":45,"column":27},"end":{"line":50,"column":null}},"4":{"start":{"line":57,"column":28},"end":{"line":68,"column":null}},"5":{"start":{"line":75,"column":31},"end":{"line":86,"column":null}},"6":{"start":{"line":93,"column":32},"end":{"line":104,"column":null}},"7":{"start":{"line":111,"column":31},"end":{"line":118,"column":null}},"8":{"start":{"line":125,"column":34},"end":{"line":132,"column":null}},"9":{"start":{"line":139,"column":30},"end":{"line":149,"column":null}},"10":{"start":{"line":186,"column":20},"end":{"line":186,"column":null}},"11":{"start":{"line":188,"column":17},"end":{"line":192,"column":null}},"12":{"start":{"line":194,"column":14},"end":{"line":198,"column":null}},"13":{"start":{"line":200,"column":23},"end":{"line":204,"column":null}},"14":{"start":{"line":206,"column":24},"end":{"line":210,"column":null}},"15":{"start":{"line":212,"column":18},"end":{"line":216,"column":null}},"16":{"start":{"line":218,"column":18},"end":{"line":222,"column":null}},"17":{"start":{"line":224,"column":18},"end":{"line":228,"column":null}},"18":{"start":{"line":230,"column":21},"end":{"line":234,"column":null}},"19":{"start":{"line":237,"column":4},"end":{"line":244,"column":null}},"20":{"start":{"line":247,"column":4},"end":{"line":254,"column":null}},"21":{"start":{"line":256,"column":2},"end":{"line":269,"column":null}},"22":{"start":{"line":276,"column":2},"end":{"line":276,"column":null}},"23":{"start":{"line":283,"column":14},"end":{"line":283,"column":null}},"24":{"start":{"line":284,"column":2},"end":{"line":284,"column":null}}},"fnMap":{"0":{"name":"calculateBilling","decl":{"start":{"line":185,"column":16},"end":{"line":185,"column":33}},"loc":{"start":{"line":185,"column":72},"end":{"line":270,"column":null}},"line":185},"1":{"name":"formatCentsToDollars","decl":{"start":{"line":275,"column":16},"end":{"line":275,"column":37}},"loc":{"start":{"line":275,"column":60},"end":{"line":277,"column":null}},"line":275},"2":{"name":"getCurrentMonthYear","decl":{"start":{"line":282,"column":16},"end":{"line":282,"column":46}},"loc":{"start":{"line":282,"column":46},"end":{"line":285,"column":null}},"line":282}},"branchMap":{},"s":{"0":5,"1":5,"2":5,"3":5,"4":5,"5":5,"6":5,"7":5,"8":5,"9":5,"10":26,"11":26,"12":26,"13":26,"14":26,"15":26,"16":26,"17":26,"18":26,"19":26,"20":26,"21":26,"22":16,"23":4,"24":4},"f":{"0":26,"1":16,"2":4},"b":{},"meta":{"lastBranch":0,"lastFunction":3,"lastStatement":25,"seen":{"s:21:30:21:Infinity":0,"s:26:33:26:Infinity":1,"s:33:29:38:Infinity":2,"s:45:27:50:Infinity":3,"s:57:28:68:Infinity":4,"s:75:31:86:Infinity":5,"s:93:32:104:Infinity":6,"s:111:31:118:Infinity":7,"s:125:34:132:Infinity":8,"s:139:30:149:Infinity":9,"f:185:16:185:33":0,"s:186:20:186:Infinity":10,"s:188:17:192:Infinity":11,"s:194:14:198:Infinity":12,"s:200:23:204:Infinity":13,"s:206:24:210:Infinity":14,"s:212:18:216:Infinity":15,"s:218:18:222:Infinity":16,"s:224:18:228:Infinity":17,"s:230:21:234:Infinity":18,"s:237:4:244:Infinity":19,"s:247:4:254:Infinity":20,"s:256:2:269:Infinity":21,"f:275:16:275:37":1,"s:276:2:276:Infinity":22,"f:282:16:282:46":2,"s:283:14:283:Infinity":23,"s:284:2:284:Infinity":24}}}
}
